<?xml version="1.0"?>
<!DOCTYPE coverage SYSTEM "http://cobertura.sourceforge.net/xml/coverage-04.dtd">

<coverage line-rate="1.0" branch-rate="1.0" lines-covered="56" lines-valid="56" branches-covered="14" branches-valid="14" complexity="2.2" version="2.0.3" timestamp="1424218898301">
	<sources>
		<source>--source</source>
		<source>/Users/krotscheck/Desktop/github/data-file-reader/target/checkout/data-file-reader-json/src/main/java</source>
	</sources>
	<packages>
		<package name="net.krotscheck.dfr.json" line-rate="1.0" branch-rate="1.0" complexity="2.2">
			<classes>
				<class name="net.krotscheck.dfr.json.JSONDataDecoder" filename="net/krotscheck/dfr/json/JSONDataDecoder.java" line-rate="1.0" branch-rate="1.0" complexity="2.2857142857142856">
					<methods>
						<method name="&lt;clinit&gt;" signature="()V" line-rate="1.0" branch-rate="1.0">
							<lines>
								<line number="46" hits="2" branch="false"/>
								<line number="47" hits="1" branch="false"/>
							</lines>
						</method>
						<method name="&lt;init&gt;" signature="()V" line-rate="1.0" branch-rate="1.0">
							<lines>
								<line number="80" hits="13" branch="false"/>
							</lines>
						</method>
						<method name="access$100" signature="()Lorg/slf4j/Logger;" line-rate="1.0" branch-rate="1.0">
							<lines>
								<line number="41" hits="17" branch="false"/>
							</lines>
						</method>
						<method name="buildIterator" signature="()Ljava/util/Iterator;" line-rate="1.0" branch-rate="1.0">
							<lines>
								<line number="56" hits="9" branch="false"/>
							</lines>
						</method>
						<method name="dispose" signature="()V" line-rate="1.0" branch-rate="1.0">
							<lines>
								<line number="75" hits="2" branch="false"/>
							</lines>
						</method>
						<method name="getMimeType" signature="()Ljava/lang/String;" line-rate="1.0" branch-rate="1.0">
							<lines>
								<line number="66" hits="1" branch="false"/>
							</lines>
						</method>
					</methods>
					<lines>
						<line number="41" hits="17" branch="false"/>
						<line number="46" hits="2" branch="false"/>
						<line number="47" hits="1" branch="false"/>
						<line number="56" hits="9" branch="false"/>
						<line number="66" hits="1" branch="false"/>
						<line number="75" hits="2" branch="false"/>
						<line number="80" hits="13" branch="false"/>
					</lines>
				</class>
				<class name="net.krotscheck.dfr.json.JSONDataDecoder$1" filename="net/krotscheck/dfr/json/JSONDataDecoder.java" line-rate="1.0" branch-rate="1.0" complexity="2.2857142857142856">
					<methods>
					</methods>
					<lines>
					</lines>
				</class>
				<class name="net.krotscheck.dfr.json.JSONDataDecoder$InnerRowIterator" filename="net/krotscheck/dfr/json/JSONDataDecoder.java" line-rate="1.0" branch-rate="1.0" complexity="2.2857142857142856">
					<methods>
						<method name="&lt;init&gt;" signature="(Ljava/io/Reader;)V" line-rate="1.0" branch-rate="1.0">
							<lines>
								<line number="91" hits="9" branch="false"/>
								<line number="102" hits="9" branch="false"/>
								<line number="105" hits="9" branch="false"/>
								<line number="106" hits="9" branch="false"/>
								<line number="107" hits="9" branch="false"/>
								<line number="109" hits="9" branch="true" condition-coverage="100% (2/2)">
									<conditions>
										<condition number="0" type="jump" coverage="100%"/>
									</conditions>
								</line>
								<line number="110" hits="1" branch="false"/>
								<line number="114" hits="6" branch="false"/>
								<line number="115" hits="3" branch="false"/>
								<line number="116" hits="3" branch="false"/>
								<line number="117" hits="3" branch="false"/>
								<line number="118" hits="6" branch="false"/>
								<line number="119" hits="9" branch="false"/>
							</lines>
						</method>
						<method name="&lt;init&gt;" signature="(Ljava/io/Reader;Lnet/krotscheck/dfr/json/JSONDataDecoder$1;)V" line-rate="1.0" branch-rate="1.0">
							<lines>
								<line number="80" hits="53" branch="false"/>
							</lines>
						</method>
						<method name="hasNext" signature="()Z" line-rate="1.0" branch-rate="1.0">
							<lines>
								<line number="128" hits="88" branch="true" condition-coverage="100% (2/2)">
									<conditions>
										<condition number="0" type="jump" coverage="100%"/>
									</conditions>
								</line>
								<line number="129" hits="86" branch="false"/>
								<line number="130" hits="86" branch="true" condition-coverage="100% (2/2)">
									<conditions>
										<condition number="0" type="jump" coverage="100%"/>
									</conditions>
								</line>
								<line number="132" hits="2" branch="false"/>
							</lines>
						</method>
						<method name="next" signature="()Ljava/lang/Object;" line-rate="1.0" branch-rate="1.0">
							<lines>
							</lines>
						</method>
						<method name="next" signature="()Ljava/util/Map;" line-rate="1.0" branch-rate="1.0">
							<lines>
								<line number="143" hits="44" branch="true" condition-coverage="100% (4/4)">
									<conditions>
										<condition number="0" type="jump" coverage="100%"/>
										<condition number="1" type="jump" coverage="100%"/>
									</conditions>
								</line>
								<line number="145" hits="41" branch="false"/>
								<line number="146" hits="40" branch="false"/>
								<line number="147" hits="40" branch="false"/>
								<line number="148" hits="1" branch="false"/>
								<line number="149" hits="1" branch="false"/>
								<line number="153" hits="4" branch="false"/>
							</lines>
						</method>
						<method name="remove" signature="()V" line-rate="1.0" branch-rate="1.0">
							<lines>
								<line number="162" hits="10" branch="false"/>
							</lines>
						</method>
					</methods>
					<lines>
						<line number="80" hits="53" branch="false"/>
						<line number="91" hits="9" branch="false"/>
						<line number="102" hits="9" branch="false"/>
						<line number="105" hits="9" branch="false"/>
						<line number="106" hits="9" branch="false"/>
						<line number="107" hits="9" branch="false"/>
						<line number="109" hits="9" branch="true" condition-coverage="100% (2/2)">
							<conditions>
								<condition number="0" type="jump" coverage="100%"/>
							</conditions>
						</line>
						<line number="110" hits="1" branch="false"/>
						<line number="114" hits="6" branch="false"/>
						<line number="115" hits="3" branch="false"/>
						<line number="116" hits="3" branch="false"/>
						<line number="117" hits="3" branch="false"/>
						<line number="118" hits="6" branch="false"/>
						<line number="119" hits="9" branch="false"/>
						<line number="128" hits="88" branch="true" condition-coverage="100% (2/2)">
							<conditions>
								<condition number="0" type="jump" coverage="100%"/>
							</conditions>
						</line>
						<line number="129" hits="86" branch="false"/>
						<line number="130" hits="86" branch="true" condition-coverage="100% (2/2)">
							<conditions>
								<condition number="0" type="jump" coverage="100%"/>
							</conditions>
						</line>
						<line number="132" hits="2" branch="false"/>
						<line number="143" hits="44" branch="true" condition-coverage="100% (4/4)">
							<conditions>
								<condition number="0" type="jump" coverage="100%"/>
								<condition number="1" type="jump" coverage="100%"/>
							</conditions>
						</line>
						<line number="145" hits="41" branch="false"/>
						<line number="146" hits="40" branch="false"/>
						<line number="147" hits="40" branch="false"/>
						<line number="148" hits="1" branch="false"/>
						<line number="149" hits="1" branch="false"/>
						<line number="153" hits="4" branch="false"/>
						<line number="162" hits="10" branch="false"/>
					</lines>
				</class>
				<class name="net.krotscheck.dfr.json.JSONDataDecoder$InnerRowIterator$1" filename="net/krotscheck/dfr/json/JSONDataDecoder.java" line-rate="1.0" branch-rate="1.0" complexity="2.2857142857142856">
					<methods>
						<method name="&lt;init&gt;" signature="(Lnet/krotscheck/dfr/json/JSONDataDecoder$InnerRowIterator;)V" line-rate="1.0" branch-rate="1.0">
							<lines>
								<line number="92" hits="9" branch="false"/>
							</lines>
						</method>
					</methods>
					<lines>
						<line number="92" hits="9" branch="false"/>
					</lines>
				</class>
				<class name="net.krotscheck.dfr.json.JSONDataEncoder" filename="net/krotscheck/dfr/json/JSONDataEncoder.java" line-rate="1.0" branch-rate="1.0" complexity="2.0">
					<methods>
						<method name="&lt;clinit&gt;" signature="()V" line-rate="1.0" branch-rate="1.0">
							<lines>
								<line number="27" hits="2" branch="false"/>
								<line number="28" hits="1" branch="false"/>
							</lines>
						</method>
						<method name="&lt;init&gt;" signature="()V" line-rate="1.0" branch-rate="1.0">
							<lines>
								<line number="22" hits="17" branch="false"/>
							</lines>
						</method>
						<method name="dispose" signature="()V" line-rate="1.0" branch-rate="1.0">
							<lines>
								<line number="72" hits="15" branch="true" condition-coverage="100% (2/2)">
									<conditions>
										<condition number="0" type="jump" coverage="100%"/>
									</conditions>
								</line>
								<line number="73" hits="13" branch="false"/>
								<line number="74" hits="13" branch="false"/>
								<line number="76" hits="15" branch="false"/>
								<line number="77" hits="1" branch="false"/>
								<line number="78" hits="1" branch="false"/>
								<line number="79" hits="1" branch="false"/>
								<line number="81" hits="15" branch="false"/>
								<line number="82" hits="15" branch="false"/>
								<line number="83" hits="15" branch="false"/>
								<line number="84" hits="15" branch="false"/>
							</lines>
						</method>
						<method name="getMimeType" signature="()Ljava/lang/String;" line-rate="1.0" branch-rate="1.0">
							<lines>
								<line number="42" hits="1" branch="false"/>
							</lines>
						</method>
						<method name="writeToOutput" signature="(Ljava/util/Map;)V" line-rate="1.0" branch-rate="1.0">
							<lines>
								<line number="55" hits="130" branch="true" condition-coverage="100% (2/2)">
									<conditions>
										<condition number="0" type="jump" coverage="100%"/>
									</conditions>
								</line>
								<line number="56" hits="13" branch="false"/>
								<line number="57" hits="13" branch="false"/>
								<line number="58" hits="13" branch="false"/>
								<line number="59" hits="13" branch="false"/>
								<line number="63" hits="130" branch="false"/>
								<line number="64" hits="130" branch="false"/>
							</lines>
						</method>
					</methods>
					<lines>
						<line number="22" hits="17" branch="false"/>
						<line number="27" hits="2" branch="false"/>
						<line number="28" hits="1" branch="false"/>
						<line number="42" hits="1" branch="false"/>
						<line number="55" hits="130" branch="true" condition-coverage="100% (2/2)">
							<conditions>
								<condition number="0" type="jump" coverage="100%"/>
							</conditions>
						</line>
						<line number="56" hits="13" branch="false"/>
						<line number="57" hits="13" branch="false"/>
						<line number="58" hits="13" branch="false"/>
						<line number="59" hits="13" branch="false"/>
						<line number="63" hits="130" branch="false"/>
						<line number="64" hits="130" branch="false"/>
						<line number="72" hits="15" branch="true" condition-coverage="100% (2/2)">
							<conditions>
								<condition number="0" type="jump" coverage="100%"/>
							</conditions>
						</line>
						<line number="73" hits="13" branch="false"/>
						<line number="74" hits="13" branch="false"/>
						<line number="76" hits="15" branch="false"/>
						<line number="77" hits="1" branch="false"/>
						<line number="78" hits="1" branch="false"/>
						<line number="79" hits="1" branch="false"/>
						<line number="81" hits="15" branch="false"/>
						<line number="82" hits="15" branch="false"/>
						<line number="83" hits="15" branch="false"/>
						<line number="84" hits="15" branch="false"/>
					</lines>
				</class>
			</classes>
		</package>
	</packages>
</coverage>
