<?xml version="1.0"?>
<!DOCTYPE coverage SYSTEM "http://cobertura.sourceforge.net/xml/coverage-04.dtd">

<coverage line-rate="1.0" branch-rate="1.0" lines-covered="206" lines-valid="206" branches-covered="60" branches-valid="60" complexity="1.6911764705882353" version="2.0.3" timestamp="1424218835959">
	<sources>
		<source>/Users/krotscheck/Desktop/github/data-file-reader/target/checkout/data-file-reader-base/src/main/java</source>
		<source>--source</source>
	</sources>
	<packages>
		<package name="net.krotscheck.dfr" line-rate="1.0" branch-rate="1.0" complexity="1.8863636363636365">
			<classes>
				<class name="net.krotscheck.dfr.AbstractDataDecoder" filename="net/krotscheck/dfr/AbstractDataDecoder.java" line-rate="1.0" branch-rate="1.0" complexity="1.875">
					<methods>
						<method name="&lt;init&gt;" signature="()V" line-rate="1.0" branch-rate="1.0">
							<lines>
								<line number="30" hits="16" branch="false"/>
								<line number="78" hits="16" branch="false"/>
							</lines>
						</method>
						<method name="getMaxRows" signature="()Ljava/lang/Long;" line-rate="1.0" branch-rate="1.0">
							<lines>
								<line number="62" hits="4" branch="false"/>
							</lines>
						</method>
						<method name="iterator" signature="()Ljava/util/Iterator;" line-rate="1.0" branch-rate="1.0">
							<lines>
								<line number="45" hits="3" branch="false"/>
							</lines>
						</method>
						<method name="setMaxRows" signature="(Ljava/lang/Long;)V" line-rate="1.0" branch-rate="1.0">
							<lines>
								<line number="72" hits="4" branch="false"/>
								<line number="73" hits="4" branch="false"/>
							</lines>
						</method>
					</methods>
					<lines>
						<line number="30" hits="16" branch="false"/>
						<line number="45" hits="3" branch="false"/>
						<line number="62" hits="4" branch="false"/>
						<line number="72" hits="4" branch="false"/>
						<line number="73" hits="4" branch="false"/>
						<line number="78" hits="16" branch="false"/>
					</lines>
				</class>
				<class name="net.krotscheck.dfr.AbstractDataDecoder$FilteredIterator" filename="net/krotscheck/dfr/AbstractDataDecoder.java" line-rate="1.0" branch-rate="1.0" complexity="1.875">
					<methods>
						<method name="&lt;init&gt;" signature="(Ljava/util/Iterator;Ljava/util/List;Ljava/lang/Long;)V" line-rate="1.0" branch-rate="1.0">
							<lines>
								<line number="99" hits="3" branch="false"/>
								<line number="112" hits="3" branch="false"/>
								<line number="113" hits="3" branch="false"/>
								<line number="114" hits="3" branch="false"/>
								<line number="115" hits="3" branch="false"/>
								<line number="116" hits="3" branch="false"/>
							</lines>
						</method>
						<method name="hasNext" signature="()Z" line-rate="1.0" branch-rate="1.0">
							<lines>
								<line number="125" hits="113" branch="true" condition-coverage="100% (4/4)">
									<conditions>
										<condition number="0" type="jump" coverage="100%"/>
										<condition number="1" type="jump" coverage="100%"/>
									</conditions>
								</line>
								<line number="126" hits="112" branch="false"/>
								<line number="128" hits="1" branch="false"/>
							</lines>
						</method>
						<method name="next" signature="()Ljava/lang/Object;" line-rate="1.0" branch-rate="1.0">
							<lines>
								<line number="78" hits="112" branch="false"/>
							</lines>
						</method>
						<method name="next" signature="()Ljava/util/Map;" line-rate="1.0" branch-rate="1.0">
							<lines>
								<line number="139" hits="112" branch="true" condition-coverage="100% (4/4)">
									<conditions>
										<condition number="0" type="jump" coverage="100%"/>
										<condition number="1" type="jump" coverage="100%"/>
									</conditions>
								</line>
								<line number="140" hits="1" branch="false"/>
								<line number="143" hits="111" branch="false"/>
								<line number="144" hits="111" branch="true" condition-coverage="100% (2/2)">
									<conditions>
										<condition number="0" type="jump" coverage="100%"/>
									</conditions>
								</line>
								<line number="145" hits="1" branch="false"/>
								<line number="146" hits="1" branch="false"/>
								<line number="147" hits="111" branch="false"/>
								<line number="148" hits="111" branch="false"/>
							</lines>
						</method>
						<method name="remove" signature="()V" line-rate="1.0" branch-rate="1.0">
							<lines>
								<line number="156" hits="1" branch="false"/>
								<line number="157" hits="1" branch="false"/>
							</lines>
						</method>
					</methods>
					<lines>
						<line number="78" hits="112" branch="false"/>
						<line number="99" hits="3" branch="false"/>
						<line number="112" hits="3" branch="false"/>
						<line number="113" hits="3" branch="false"/>
						<line number="114" hits="3" branch="false"/>
						<line number="115" hits="3" branch="false"/>
						<line number="116" hits="3" branch="false"/>
						<line number="125" hits="113" branch="true" condition-coverage="100% (4/4)">
							<conditions>
								<condition number="0" type="jump" coverage="100%"/>
								<condition number="1" type="jump" coverage="100%"/>
							</conditions>
						</line>
						<line number="126" hits="112" branch="false"/>
						<line number="128" hits="1" branch="false"/>
						<line number="139" hits="112" branch="true" condition-coverage="100% (4/4)">
							<conditions>
								<condition number="0" type="jump" coverage="100%"/>
								<condition number="1" type="jump" coverage="100%"/>
							</conditions>
						</line>
						<line number="140" hits="1" branch="false"/>
						<line number="143" hits="111" branch="false"/>
						<line number="144" hits="111" branch="true" condition-coverage="100% (2/2)">
							<conditions>
								<condition number="0" type="jump" coverage="100%"/>
							</conditions>
						</line>
						<line number="145" hits="1" branch="false"/>
						<line number="146" hits="1" branch="false"/>
						<line number="147" hits="111" branch="false"/>
						<line number="148" hits="111" branch="false"/>
						<line number="156" hits="1" branch="false"/>
						<line number="157" hits="1" branch="false"/>
					</lines>
				</class>
				<class name="net.krotscheck.dfr.AbstractDataEncoder" filename="net/krotscheck/dfr/AbstractDataEncoder.java" line-rate="1.0" branch-rate="1.0" complexity="1.0">
					<methods>
						<method name="&lt;init&gt;" signature="()V" line-rate="1.0" branch-rate="1.0">
							<lines>
								<line number="29" hits="14" branch="false"/>
							</lines>
						</method>
						<method name="write" signature="(Ljava/util/Map;)V" line-rate="1.0" branch-rate="1.0">
							<lines>
								<line number="42" hits="2" branch="false"/>
								<line number="44" hits="2" branch="false"/>
								<line number="45" hits="2" branch="false"/>
							</lines>
						</method>
					</methods>
					<lines>
						<line number="29" hits="14" branch="false"/>
						<line number="42" hits="2" branch="false"/>
						<line number="44" hits="2" branch="false"/>
						<line number="45" hits="2" branch="false"/>
					</lines>
				</class>
				<class name="net.krotscheck.dfr.AbstractFilteredDataStream" filename="net/krotscheck/dfr/AbstractFilteredDataStream.java" line-rate="1.0" branch-rate="1.0" complexity="1.75">
					<methods>
						<method name="&lt;init&gt;" signature="()V" line-rate="1.0" branch-rate="1.0">
							<lines>
								<line number="32" hits="39" branch="false"/>
							</lines>
						</method>
						<method name="addFilter" signature="(Lnet/krotscheck/dfr/IDataFilter;)V" line-rate="1.0" branch-rate="1.0">
							<lines>
								<line number="55" hits="11" branch="false"/>
								<line number="56" hits="11" branch="true" condition-coverage="100% (2/2)">
									<conditions>
										<condition number="0" type="jump" coverage="100%"/>
									</conditions>
								</line>
								<line number="57" hits="7" branch="false"/>
								<line number="59" hits="11" branch="false"/>
							</lines>
						</method>
						<method name="addFilters" signature="(Ljava/util/List;)V" line-rate="1.0" branch-rate="1.0">
							<lines>
								<line number="67" hits="2" branch="false"/>
								<line number="68" hits="2" branch="true" condition-coverage="100% (2/2)">
									<conditions>
										<condition number="0" type="jump" coverage="100%"/>
									</conditions>
								</line>
								<line number="69" hits="6" branch="false"/>
								<line number="70" hits="6" branch="false"/>
								<line number="71" hits="2" branch="false"/>
							</lines>
						</method>
						<method name="applyFilters" signature="(Ljava/util/Map;)Ljava/util/Map;" line-rate="1.0" branch-rate="1.0">
							<lines>
								<line number="122" hits="42" branch="false"/>
								<line number="123" hits="42" branch="false"/>
								<line number="124" hits="42" branch="true" condition-coverage="100% (2/2)">
									<conditions>
										<condition number="0" type="jump" coverage="100%"/>
									</conditions>
								</line>
								<line number="125" hits="10" branch="false"/>
								<line number="126" hits="10" branch="false"/>
								<line number="128" hits="42" branch="false"/>
							</lines>
						</method>
						<method name="assertFilterListExists" signature="()V" line-rate="1.0" branch-rate="1.0">
							<lines>
								<line number="44" hits="141" branch="true" condition-coverage="100% (2/2)">
									<conditions>
										<condition number="0" type="jump" coverage="100%"/>
									</conditions>
								</line>
								<line number="45" hits="11" branch="false"/>
								<line number="47" hits="141" branch="false"/>
							</lines>
						</method>
						<method name="clearFilters" signature="()V" line-rate="1.0" branch-rate="1.0">
							<lines>
								<line number="109" hits="2" branch="true" condition-coverage="100% (2/2)">
									<conditions>
										<condition number="0" type="jump" coverage="100%"/>
									</conditions>
								</line>
								<line number="110" hits="1" branch="false"/>
								<line number="112" hits="2" branch="false"/>
							</lines>
						</method>
						<method name="containsFilter" signature="(Lnet/krotscheck/dfr/IDataFilter;)Ljava/lang/Boolean;" line-rate="1.0" branch-rate="1.0">
							<lines>
								<line number="90" hits="32" branch="false"/>
								<line number="91" hits="32" branch="false"/>
							</lines>
						</method>
						<method name="getFilters" signature="()Ljava/util/List;" line-rate="1.0" branch-rate="1.0">
							<lines>
								<line number="79" hits="54" branch="false"/>
								<line number="80" hits="54" branch="false"/>
							</lines>
						</method>
						<method name="removeFilter" signature="(Lnet/krotscheck/dfr/IDataFilter;)V" line-rate="1.0" branch-rate="1.0">
							<lines>
								<line number="100" hits="2" branch="true" condition-coverage="100% (2/2)">
									<conditions>
										<condition number="0" type="jump" coverage="100%"/>
									</conditions>
								</line>
								<line number="101" hits="1" branch="false"/>
								<line number="103" hits="2" branch="false"/>
							</lines>
						</method>
					</methods>
					<lines>
						<line number="32" hits="39" branch="false"/>
						<line number="44" hits="141" branch="true" condition-coverage="100% (2/2)">
							<conditions>
								<condition number="0" type="jump" coverage="100%"/>
							</conditions>
						</line>
						<line number="45" hits="11" branch="false"/>
						<line number="47" hits="141" branch="false"/>
						<line number="55" hits="11" branch="false"/>
						<line number="56" hits="11" branch="true" condition-coverage="100% (2/2)">
							<conditions>
								<condition number="0" type="jump" coverage="100%"/>
							</conditions>
						</line>
						<line number="57" hits="7" branch="false"/>
						<line number="59" hits="11" branch="false"/>
						<line number="67" hits="2" branch="false"/>
						<line number="68" hits="2" branch="true" condition-coverage="100% (2/2)">
							<conditions>
								<condition number="0" type="jump" coverage="100%"/>
							</conditions>
						</line>
						<line number="69" hits="6" branch="false"/>
						<line number="70" hits="6" branch="false"/>
						<line number="71" hits="2" branch="false"/>
						<line number="79" hits="54" branch="false"/>
						<line number="80" hits="54" branch="false"/>
						<line number="90" hits="32" branch="false"/>
						<line number="91" hits="32" branch="false"/>
						<line number="100" hits="2" branch="true" condition-coverage="100% (2/2)">
							<conditions>
								<condition number="0" type="jump" coverage="100%"/>
							</conditions>
						</line>
						<line number="101" hits="1" branch="false"/>
						<line number="103" hits="2" branch="false"/>
						<line number="109" hits="2" branch="true" condition-coverage="100% (2/2)">
							<conditions>
								<condition number="0" type="jump" coverage="100%"/>
							</conditions>
						</line>
						<line number="110" hits="1" branch="false"/>
						<line number="112" hits="2" branch="false"/>
						<line number="122" hits="42" branch="false"/>
						<line number="123" hits="42" branch="false"/>
						<line number="124" hits="42" branch="true" condition-coverage="100% (2/2)">
							<conditions>
								<condition number="0" type="jump" coverage="100%"/>
							</conditions>
						</line>
						<line number="125" hits="10" branch="false"/>
						<line number="126" hits="10" branch="false"/>
						<line number="128" hits="42" branch="false"/>
					</lines>
				</class>
				<class name="net.krotscheck.dfr.DecoderCache" filename="net/krotscheck/dfr/DecoderCache.java" line-rate="1.0" branch-rate="1.0" complexity="1.8">
					<methods>
						<method name="&lt;clinit&gt;" signature="()V" line-rate="1.0" branch-rate="1.0">
							<lines>
								<line number="38" hits="2" branch="false"/>
								<line number="39" hits="1" branch="false"/>
							</lines>
						</method>
						<method name="&lt;init&gt;" signature="()V" line-rate="1.0" branch-rate="1.0">
							<lines>
								<line number="49" hits="1" branch="false"/>
								<line number="51" hits="1" branch="false"/>
							</lines>
						</method>
						<method name="getDecoder" signature="(Ljava/lang/String;)Lnet/krotscheck/dfr/IDataDecoder;" line-rate="1.0" branch-rate="1.0">
							<lines>
								<line number="117" hits="4" branch="false"/>
								<line number="119" hits="4" branch="true" condition-coverage="100% (2/2)">
									<conditions>
										<condition number="0" type="jump" coverage="100%"/>
									</conditions>
								</line>
								<line number="120" hits="1" branch="false"/>
								<line number="121" hits="1" branch="false"/>
								<line number="125" hits="3" branch="false"/>
								<line number="127" hits="3" branch="false"/>
							</lines>
						</method>
						<method name="isMimeTypeSupported" signature="(Ljava/lang/String;)Ljava/lang/Boolean;" line-rate="1.0" branch-rate="1.0">
							<lines>
								<line number="94" hits="2" branch="false"/>
								<line number="96" hits="2" branch="false"/>
							</lines>
						</method>
						<method name="populateCache" signature="()V" line-rate="1.0" branch-rate="1.0">
							<lines>
								<line number="57" hits="7" branch="true" condition-coverage="100% (2/2)">
									<conditions>
										<condition number="0" type="jump" coverage="100%"/>
									</conditions>
								</line>
								<line number="58" hits="1" branch="false"/>
								<line number="60" hits="1" branch="false"/>
								<line number="62" hits="1" branch="false"/>
								<line number="63" hits="1" branch="false"/>
								<line number="66" hits="1" branch="true" condition-coverage="100% (2/2)">
									<conditions>
										<condition number="0" type="jump" coverage="100%"/>
									</conditions>
								</line>
								<line number="67" hits="3" branch="false"/>
								<line number="68" hits="3" branch="false"/>
								<line number="69" hits="3" branch="false"/>
								<line number="71" hits="3" branch="false"/>
								<line number="72" hits="3" branch="false"/>
								<line number="74" hits="7" branch="false"/>
							</lines>
						</method>
						<method name="supportedMimeTypes" signature="()Ljava/util/Set;" line-rate="1.0" branch-rate="1.0">
							<lines>
								<line number="82" hits="1" branch="false"/>
								<line number="84" hits="1" branch="false"/>
							</lines>
						</method>
					</methods>
					<lines>
						<line number="38" hits="2" branch="false"/>
						<line number="39" hits="1" branch="false"/>
						<line number="49" hits="1" branch="false"/>
						<line number="51" hits="1" branch="false"/>
						<line number="57" hits="7" branch="true" condition-coverage="100% (2/2)">
							<conditions>
								<condition number="0" type="jump" coverage="100%"/>
							</conditions>
						</line>
						<line number="58" hits="1" branch="false"/>
						<line number="60" hits="1" branch="false"/>
						<line number="62" hits="1" branch="false"/>
						<line number="63" hits="1" branch="false"/>
						<line number="66" hits="1" branch="true" condition-coverage="100% (2/2)">
							<conditions>
								<condition number="0" type="jump" coverage="100%"/>
							</conditions>
						</line>
						<line number="67" hits="3" branch="false"/>
						<line number="68" hits="3" branch="false"/>
						<line number="69" hits="3" branch="false"/>
						<line number="71" hits="3" branch="false"/>
						<line number="72" hits="3" branch="false"/>
						<line number="74" hits="7" branch="false"/>
						<line number="82" hits="1" branch="false"/>
						<line number="84" hits="1" branch="false"/>
						<line number="94" hits="2" branch="false"/>
						<line number="96" hits="2" branch="false"/>
						<line number="117" hits="4" branch="false"/>
						<line number="119" hits="4" branch="true" condition-coverage="100% (2/2)">
							<conditions>
								<condition number="0" type="jump" coverage="100%"/>
							</conditions>
						</line>
						<line number="120" hits="1" branch="false"/>
						<line number="121" hits="1" branch="false"/>
						<line number="125" hits="3" branch="false"/>
						<line number="127" hits="3" branch="false"/>
					</lines>
				</class>
				<class name="net.krotscheck.dfr.EncoderCache" filename="net/krotscheck/dfr/EncoderCache.java" line-rate="1.0" branch-rate="1.0" complexity="1.8">
					<methods>
						<method name="&lt;clinit&gt;" signature="()V" line-rate="1.0" branch-rate="1.0">
							<lines>
								<line number="38" hits="2" branch="false"/>
								<line number="39" hits="1" branch="false"/>
							</lines>
						</method>
						<method name="&lt;init&gt;" signature="()V" line-rate="1.0" branch-rate="1.0">
							<lines>
								<line number="49" hits="1" branch="false"/>
								<line number="51" hits="1" branch="false"/>
							</lines>
						</method>
						<method name="getEncoder" signature="(Ljava/lang/String;)Lnet/krotscheck/dfr/IDataEncoder;" line-rate="1.0" branch-rate="1.0">
							<lines>
								<line number="117" hits="4" branch="false"/>
								<line number="119" hits="4" branch="true" condition-coverage="100% (2/2)">
									<conditions>
										<condition number="0" type="jump" coverage="100%"/>
									</conditions>
								</line>
								<line number="120" hits="1" branch="false"/>
								<line number="121" hits="1" branch="false"/>
								<line number="125" hits="3" branch="false"/>
								<line number="127" hits="3" branch="false"/>
							</lines>
						</method>
						<method name="isMimeTypeSupported" signature="(Ljava/lang/String;)Ljava/lang/Boolean;" line-rate="1.0" branch-rate="1.0">
							<lines>
								<line number="94" hits="2" branch="false"/>
								<line number="96" hits="2" branch="false"/>
							</lines>
						</method>
						<method name="populateCache" signature="()V" line-rate="1.0" branch-rate="1.0">
							<lines>
								<line number="57" hits="7" branch="true" condition-coverage="100% (2/2)">
									<conditions>
										<condition number="0" type="jump" coverage="100%"/>
									</conditions>
								</line>
								<line number="58" hits="1" branch="false"/>
								<line number="60" hits="1" branch="false"/>
								<line number="62" hits="1" branch="false"/>
								<line number="63" hits="1" branch="false"/>
								<line number="66" hits="1" branch="true" condition-coverage="100% (2/2)">
									<conditions>
										<condition number="0" type="jump" coverage="100%"/>
									</conditions>
								</line>
								<line number="67" hits="3" branch="false"/>
								<line number="68" hits="3" branch="false"/>
								<line number="69" hits="3" branch="false"/>
								<line number="71" hits="3" branch="false"/>
								<line number="72" hits="3" branch="false"/>
								<line number="74" hits="7" branch="false"/>
							</lines>
						</method>
						<method name="supportedMimeTypes" signature="()Ljava/util/Set;" line-rate="1.0" branch-rate="1.0">
							<lines>
								<line number="82" hits="1" branch="false"/>
								<line number="84" hits="1" branch="false"/>
							</lines>
						</method>
					</methods>
					<lines>
						<line number="38" hits="2" branch="false"/>
						<line number="39" hits="1" branch="false"/>
						<line number="49" hits="1" branch="false"/>
						<line number="51" hits="1" branch="false"/>
						<line number="57" hits="7" branch="true" condition-coverage="100% (2/2)">
							<conditions>
								<condition number="0" type="jump" coverage="100%"/>
							</conditions>
						</line>
						<line number="58" hits="1" branch="false"/>
						<line number="60" hits="1" branch="false"/>
						<line number="62" hits="1" branch="false"/>
						<line number="63" hits="1" branch="false"/>
						<line number="66" hits="1" branch="true" condition-coverage="100% (2/2)">
							<conditions>
								<condition number="0" type="jump" coverage="100%"/>
							</conditions>
						</line>
						<line number="67" hits="3" branch="false"/>
						<line number="68" hits="3" branch="false"/>
						<line number="69" hits="3" branch="false"/>
						<line number="71" hits="3" branch="false"/>
						<line number="72" hits="3" branch="false"/>
						<line number="74" hits="7" branch="false"/>
						<line number="82" hits="1" branch="false"/>
						<line number="84" hits="1" branch="false"/>
						<line number="94" hits="2" branch="false"/>
						<line number="96" hits="2" branch="false"/>
						<line number="117" hits="4" branch="false"/>
						<line number="119" hits="4" branch="true" condition-coverage="100% (2/2)">
							<conditions>
								<condition number="0" type="jump" coverage="100%"/>
							</conditions>
						</line>
						<line number="120" hits="1" branch="false"/>
						<line number="121" hits="1" branch="false"/>
						<line number="125" hits="3" branch="false"/>
						<line number="127" hits="3" branch="false"/>
					</lines>
				</class>
				<class name="net.krotscheck.dfr.FileStreamConverter" filename="net/krotscheck/dfr/FileStreamConverter.java" line-rate="1.0" branch-rate="1.0" complexity="4.0">
					<methods>
						<method name="&lt;clinit&gt;" signature="()V" line-rate="1.0" branch-rate="1.0">
							<lines>
								<line number="39" hits="2" branch="false"/>
								<line number="40" hits="1" branch="false"/>
							</lines>
						</method>
						<method name="&lt;init&gt;" signature="(Lnet/krotscheck/dfr/IDataDecoder;Lnet/krotscheck/dfr/IDataEncoder;)V" line-rate="1.0" branch-rate="1.0">
							<lines>
								<line number="60" hits="6" branch="false"/>
								<line number="61" hits="6" branch="true" condition-coverage="100% (2/2)">
									<conditions>
										<condition number="0" type="jump" coverage="100%"/>
									</conditions>
								</line>
								<line number="62" hits="1" branch="false"/>
								<line number="64" hits="5" branch="true" condition-coverage="100% (2/2)">
									<conditions>
										<condition number="0" type="jump" coverage="100%"/>
									</conditions>
								</line>
								<line number="65" hits="1" branch="false"/>
								<line number="68" hits="4" branch="false"/>
								<line number="69" hits="4" branch="false"/>
								<line number="70" hits="4" branch="false"/>
							</lines>
						</method>
						<method name="run" signature="()V" line-rate="1.0" branch-rate="1.0">
							<lines>
								<line number="78" hits="4" branch="true" condition-coverage="100% (2/2)">
									<conditions>
										<condition number="0" type="jump" coverage="100%"/>
									</conditions>
								</line>
								<line number="79" hits="40" branch="false"/>
								<line number="80" hits="40" branch="false"/>
								<line number="82" hits="4" branch="false"/>
								<line number="83" hits="3" branch="false"/>
								<line number="84" hits="2" branch="false"/>
								<line number="85" hits="2" branch="false"/>
								<line number="86" hits="2" branch="false"/>
								<line number="88" hits="4" branch="false"/>
							</lines>
						</method>
					</methods>
					<lines>
						<line number="39" hits="2" branch="false"/>
						<line number="40" hits="1" branch="false"/>
						<line number="60" hits="6" branch="false"/>
						<line number="61" hits="6" branch="true" condition-coverage="100% (2/2)">
							<conditions>
								<condition number="0" type="jump" coverage="100%"/>
							</conditions>
						</line>
						<line number="62" hits="1" branch="false"/>
						<line number="64" hits="5" branch="true" condition-coverage="100% (2/2)">
							<conditions>
								<condition number="0" type="jump" coverage="100%"/>
							</conditions>
						</line>
						<line number="65" hits="1" branch="false"/>
						<line number="68" hits="4" branch="false"/>
						<line number="69" hits="4" branch="false"/>
						<line number="70" hits="4" branch="false"/>
						<line number="78" hits="4" branch="true" condition-coverage="100% (2/2)">
							<conditions>
								<condition number="0" type="jump" coverage="100%"/>
							</conditions>
						</line>
						<line number="79" hits="40" branch="false"/>
						<line number="80" hits="40" branch="false"/>
						<line number="82" hits="4" branch="false"/>
						<line number="83" hits="3" branch="false"/>
						<line number="84" hits="2" branch="false"/>
						<line number="85" hits="2" branch="false"/>
						<line number="86" hits="2" branch="false"/>
						<line number="88" hits="4" branch="false"/>
					</lines>
				</class>
				<class name="net.krotscheck.dfr.IDataDecoder" filename="net/krotscheck/dfr/IDataDecoder.java" line-rate="1.0" branch-rate="1.0" complexity="1.0">
					<methods>
					</methods>
					<lines>
					</lines>
				</class>
				<class name="net.krotscheck.dfr.IDataEncoder" filename="net/krotscheck/dfr/IDataEncoder.java" line-rate="1.0" branch-rate="1.0" complexity="1.0">
					<methods>
					</methods>
					<lines>
					</lines>
				</class>
				<class name="net.krotscheck.dfr.IDataFilter" filename="net/krotscheck/dfr/IDataFilter.java" line-rate="1.0" branch-rate="1.0" complexity="1.0">
					<methods>
					</methods>
					<lines>
					</lines>
				</class>
				<class name="net.krotscheck.dfr.IFilteringDataStream" filename="net/krotscheck/dfr/IFilteringDataStream.java" line-rate="1.0" branch-rate="1.0" complexity="1.0">
					<methods>
					</methods>
					<lines>
					</lines>
				</class>
				<class name="net.krotscheck.dfr.Type" filename="net/krotscheck/dfr/Type.java" line-rate="1.0" branch-rate="1.0" complexity="13.0">
					<methods>
						<method name="&lt;clinit&gt;" signature="()V" line-rate="1.0" branch-rate="1.0">
							<lines>
								<line number="25" hits="7" branch="false"/>
								<line number="30" hits="1" branch="false"/>
								<line number="35" hits="1" branch="false"/>
								<line number="40" hits="1" branch="false"/>
								<line number="45" hits="1" branch="false"/>
								<line number="50" hits="1" branch="false"/>
								<line number="55" hits="1" branch="false"/>
							</lines>
						</method>
						<method name="&lt;init&gt;" signature="(Ljava/lang/String;I)V" line-rate="1.0" branch-rate="1.0">
							<lines>
							</lines>
						</method>
						<method name="getTypeForValue" signature="(Ljava/lang/Object;)Lnet/krotscheck/dfr/Type;" line-rate="1.0" branch-rate="1.0">
							<lines>
								<line number="64" hits="13" branch="true" condition-coverage="100% (2/2)">
									<conditions>
										<condition number="0" type="jump" coverage="100%"/>
									</conditions>
								</line>
								<line number="65" hits="2" branch="false"/>
								<line number="66" hits="11" branch="true" condition-coverage="100% (2/2)">
									<conditions>
										<condition number="0" type="jump" coverage="100%"/>
									</conditions>
								</line>
								<line number="67" hits="2" branch="false"/>
								<line number="68" hits="9" branch="true" condition-coverage="100% (2/2)">
									<conditions>
										<condition number="0" type="jump" coverage="100%"/>
									</conditions>
								</line>
								<line number="69" hits="2" branch="false"/>
								<line number="70" hits="7" branch="true" condition-coverage="100% (2/2)">
									<conditions>
										<condition number="0" type="jump" coverage="100%"/>
									</conditions>
								</line>
								<line number="71" hits="2" branch="false"/>
								<line number="72" hits="5" branch="true" condition-coverage="100% (2/2)">
									<conditions>
										<condition number="0" type="jump" coverage="100%"/>
									</conditions>
								</line>
								<line number="73" hits="2" branch="false"/>
								<line number="74" hits="3" branch="true" condition-coverage="100% (2/2)">
									<conditions>
										<condition number="0" type="jump" coverage="100%"/>
									</conditions>
								</line>
								<line number="75" hits="2" branch="false"/>
								<line number="79" hits="1" branch="false"/>
							</lines>
						</method>
						<method name="valueOf" signature="(Ljava/lang/String;)Lnet/krotscheck/dfr/Type;" line-rate="1.0" branch-rate="1.0">
							<lines>
							</lines>
						</method>
						<method name="values" signature="()[Lnet/krotscheck/dfr/Type;" line-rate="1.0" branch-rate="1.0">
							<lines>
							</lines>
						</method>
					</methods>
					<lines>
						<line number="25" hits="7" branch="false"/>
						<line number="30" hits="1" branch="false"/>
						<line number="35" hits="1" branch="false"/>
						<line number="40" hits="1" branch="false"/>
						<line number="45" hits="1" branch="false"/>
						<line number="50" hits="1" branch="false"/>
						<line number="55" hits="1" branch="false"/>
						<line number="64" hits="13" branch="true" condition-coverage="100% (2/2)">
							<conditions>
								<condition number="0" type="jump" coverage="100%"/>
							</conditions>
						</line>
						<line number="65" hits="2" branch="false"/>
						<line number="66" hits="11" branch="true" condition-coverage="100% (2/2)">
							<conditions>
								<condition number="0" type="jump" coverage="100%"/>
							</conditions>
						</line>
						<line number="67" hits="2" branch="false"/>
						<line number="68" hits="9" branch="true" condition-coverage="100% (2/2)">
							<conditions>
								<condition number="0" type="jump" coverage="100%"/>
							</conditions>
						</line>
						<line number="69" hits="2" branch="false"/>
						<line number="70" hits="7" branch="true" condition-coverage="100% (2/2)">
							<conditions>
								<condition number="0" type="jump" coverage="100%"/>
							</conditions>
						</line>
						<line number="71" hits="2" branch="false"/>
						<line number="72" hits="5" branch="true" condition-coverage="100% (2/2)">
							<conditions>
								<condition number="0" type="jump" coverage="100%"/>
							</conditions>
						</line>
						<line number="73" hits="2" branch="false"/>
						<line number="74" hits="3" branch="true" condition-coverage="100% (2/2)">
							<conditions>
								<condition number="0" type="jump" coverage="100%"/>
							</conditions>
						</line>
						<line number="75" hits="2" branch="false"/>
						<line number="79" hits="1" branch="false"/>
					</lines>
				</class>
			</classes>
		</package>
		<package name="net.krotscheck.dfr.stream" line-rate="1.0" branch-rate="1.0" complexity="1.3333333333333333">
			<classes>
				<class name="net.krotscheck.dfr.stream.AbstractStreamDecoder" filename="net/krotscheck/dfr/stream/AbstractStreamDecoder.java" line-rate="1.0" branch-rate="1.0" complexity="1.5">
					<methods>
						<method name="&lt;clinit&gt;" signature="()V" line-rate="1.0" branch-rate="1.0">
							<lines>
								<line number="39" hits="2" branch="false"/>
								<line number="40" hits="1" branch="false"/>
							</lines>
						</method>
						<method name="&lt;init&gt;" signature="()V" line-rate="1.0" branch-rate="1.0">
							<lines>
								<line number="32" hits="5" branch="false"/>
							</lines>
						</method>
						<method name="close" signature="()V" line-rate="1.0" branch-rate="1.0">
							<lines>
								<line number="72" hits="3" branch="true" condition-coverage="100% (2/2)">
									<conditions>
										<condition number="0" type="jump" coverage="100%"/>
									</conditions>
								</line>
								<line number="74" hits="2" branch="false"/>
								<line number="75" hits="1" branch="false"/>
								<line number="76" hits="1" branch="false"/>
								<line number="78" hits="2" branch="false"/>
								<line number="79" hits="2" branch="false"/>
								<line number="82" hits="3" branch="false"/>
								<line number="83" hits="3" branch="false"/>
							</lines>
						</method>
						<method name="getInputStream" signature="()Ljava/io/InputStream;" line-rate="1.0" branch-rate="1.0">
							<lines>
								<line number="54" hits="9" branch="false"/>
							</lines>
						</method>
						<method name="setInputStream" signature="(Ljava/io/InputStream;)V" line-rate="1.0" branch-rate="1.0">
							<lines>
								<line number="64" hits="3" branch="false"/>
								<line number="65" hits="3" branch="false"/>
							</lines>
						</method>
					</methods>
					<lines>
						<line number="32" hits="5" branch="false"/>
						<line number="39" hits="2" branch="false"/>
						<line number="40" hits="1" branch="false"/>
						<line number="54" hits="9" branch="false"/>
						<line number="64" hits="3" branch="false"/>
						<line number="65" hits="3" branch="false"/>
						<line number="72" hits="3" branch="true" condition-coverage="100% (2/2)">
							<conditions>
								<condition number="0" type="jump" coverage="100%"/>
							</conditions>
						</line>
						<line number="74" hits="2" branch="false"/>
						<line number="75" hits="1" branch="false"/>
						<line number="76" hits="1" branch="false"/>
						<line number="78" hits="2" branch="false"/>
						<line number="79" hits="2" branch="false"/>
						<line number="82" hits="3" branch="false"/>
						<line number="83" hits="3" branch="false"/>
					</lines>
				</class>
				<class name="net.krotscheck.dfr.stream.AbstractStreamEncoder" filename="net/krotscheck/dfr/stream/AbstractStreamEncoder.java" line-rate="1.0" branch-rate="1.0" complexity="1.5">
					<methods>
						<method name="&lt;clinit&gt;" signature="()V" line-rate="1.0" branch-rate="1.0">
							<lines>
								<line number="40" hits="2" branch="false"/>
								<line number="41" hits="1" branch="false"/>
							</lines>
						</method>
						<method name="&lt;init&gt;" signature="()V" line-rate="1.0" branch-rate="1.0">
							<lines>
								<line number="33" hits="5" branch="false"/>
							</lines>
						</method>
						<method name="close" signature="()V" line-rate="1.0" branch-rate="1.0">
							<lines>
								<line number="73" hits="3" branch="false"/>
								<line number="75" hits="3" branch="true" condition-coverage="100% (2/2)">
									<conditions>
										<condition number="0" type="jump" coverage="100%"/>
									</conditions>
								</line>
								<line number="77" hits="2" branch="false"/>
								<line number="78" hits="1" branch="false"/>
								<line number="79" hits="1" branch="false"/>
								<line number="81" hits="2" branch="false"/>
								<line number="82" hits="2" branch="false"/>
								<line number="84" hits="3" branch="false"/>
							</lines>
						</method>
						<method name="getOutputStream" signature="()Ljava/io/OutputStream;" line-rate="1.0" branch-rate="1.0">
							<lines>
								<line number="55" hits="9" branch="false"/>
							</lines>
						</method>
						<method name="setOutputStream" signature="(Ljava/io/OutputStream;)V" line-rate="1.0" branch-rate="1.0">
							<lines>
								<line number="65" hits="3" branch="false"/>
								<line number="66" hits="3" branch="false"/>
							</lines>
						</method>
					</methods>
					<lines>
						<line number="33" hits="5" branch="false"/>
						<line number="40" hits="2" branch="false"/>
						<line number="41" hits="1" branch="false"/>
						<line number="55" hits="9" branch="false"/>
						<line number="65" hits="3" branch="false"/>
						<line number="66" hits="3" branch="false"/>
						<line number="73" hits="3" branch="false"/>
						<line number="75" hits="3" branch="true" condition-coverage="100% (2/2)">
							<conditions>
								<condition number="0" type="jump" coverage="100%"/>
							</conditions>
						</line>
						<line number="77" hits="2" branch="false"/>
						<line number="78" hits="1" branch="false"/>
						<line number="79" hits="1" branch="false"/>
						<line number="81" hits="2" branch="false"/>
						<line number="82" hits="2" branch="false"/>
						<line number="84" hits="3" branch="false"/>
					</lines>
				</class>
				<class name="net.krotscheck.dfr.stream.IStreamDecoder" filename="net/krotscheck/dfr/stream/IStreamDecoder.java" line-rate="1.0" branch-rate="1.0" complexity="1.0">
					<methods>
					</methods>
					<lines>
					</lines>
				</class>
				<class name="net.krotscheck.dfr.stream.IStreamEncoder" filename="net/krotscheck/dfr/stream/IStreamEncoder.java" line-rate="1.0" branch-rate="1.0" complexity="1.0">
					<methods>
					</methods>
					<lines>
					</lines>
				</class>
			</classes>
		</package>
		<package name="net.krotscheck.dfr.text" line-rate="1.0" branch-rate="1.0" complexity="1.3333333333333333">
			<classes>
				<class name="net.krotscheck.dfr.text.AbstractTextDecoder" filename="net/krotscheck/dfr/text/AbstractTextDecoder.java" line-rate="1.0" branch-rate="1.0" complexity="1.5">
					<methods>
						<method name="&lt;clinit&gt;" signature="()V" line-rate="1.0" branch-rate="1.0">
							<lines>
								<line number="39" hits="2" branch="false"/>
								<line number="40" hits="1" branch="false"/>
							</lines>
						</method>
						<method name="&lt;init&gt;" signature="()V" line-rate="1.0" branch-rate="1.0">
							<lines>
								<line number="32" hits="8" branch="false"/>
							</lines>
						</method>
						<method name="close" signature="()V" line-rate="1.0" branch-rate="1.0">
							<lines>
								<line number="72" hits="3" branch="true" condition-coverage="100% (2/2)">
									<conditions>
										<condition number="0" type="jump" coverage="100%"/>
									</conditions>
								</line>
								<line number="74" hits="2" branch="false"/>
								<line number="75" hits="1" branch="false"/>
								<line number="76" hits="1" branch="false"/>
								<line number="78" hits="2" branch="false"/>
								<line number="79" hits="2" branch="false"/>
								<line number="82" hits="3" branch="false"/>
								<line number="83" hits="3" branch="false"/>
							</lines>
						</method>
						<method name="getReader" signature="()Ljava/io/Reader;" line-rate="1.0" branch-rate="1.0">
							<lines>
								<line number="54" hits="9" branch="false"/>
							</lines>
						</method>
						<method name="setReader" signature="(Ljava/io/Reader;)V" line-rate="1.0" branch-rate="1.0">
							<lines>
								<line number="64" hits="3" branch="false"/>
								<line number="65" hits="3" branch="false"/>
							</lines>
						</method>
					</methods>
					<lines>
						<line number="32" hits="8" branch="false"/>
						<line number="39" hits="2" branch="false"/>
						<line number="40" hits="1" branch="false"/>
						<line number="54" hits="9" branch="false"/>
						<line number="64" hits="3" branch="false"/>
						<line number="65" hits="3" branch="false"/>
						<line number="72" hits="3" branch="true" condition-coverage="100% (2/2)">
							<conditions>
								<condition number="0" type="jump" coverage="100%"/>
							</conditions>
						</line>
						<line number="74" hits="2" branch="false"/>
						<line number="75" hits="1" branch="false"/>
						<line number="76" hits="1" branch="false"/>
						<line number="78" hits="2" branch="false"/>
						<line number="79" hits="2" branch="false"/>
						<line number="82" hits="3" branch="false"/>
						<line number="83" hits="3" branch="false"/>
					</lines>
				</class>
				<class name="net.krotscheck.dfr.text.AbstractTextEncoder" filename="net/krotscheck/dfr/text/AbstractTextEncoder.java" line-rate="1.0" branch-rate="1.0" complexity="1.5">
					<methods>
						<method name="&lt;clinit&gt;" signature="()V" line-rate="1.0" branch-rate="1.0">
							<lines>
								<line number="40" hits="2" branch="false"/>
								<line number="41" hits="1" branch="false"/>
							</lines>
						</method>
						<method name="&lt;init&gt;" signature="()V" line-rate="1.0" branch-rate="1.0">
							<lines>
								<line number="33" hits="8" branch="false"/>
							</lines>
						</method>
						<method name="close" signature="()V" line-rate="1.0" branch-rate="1.0">
							<lines>
								<line number="73" hits="3" branch="false"/>
								<line number="75" hits="3" branch="true" condition-coverage="100% (2/2)">
									<conditions>
										<condition number="0" type="jump" coverage="100%"/>
									</conditions>
								</line>
								<line number="77" hits="2" branch="false"/>
								<line number="78" hits="1" branch="false"/>
								<line number="79" hits="1" branch="false"/>
								<line number="81" hits="2" branch="false"/>
								<line number="82" hits="2" branch="false"/>
								<line number="84" hits="3" branch="false"/>
							</lines>
						</method>
						<method name="getWriter" signature="()Ljava/io/Writer;" line-rate="1.0" branch-rate="1.0">
							<lines>
								<line number="55" hits="9" branch="false"/>
							</lines>
						</method>
						<method name="setWriter" signature="(Ljava/io/Writer;)V" line-rate="1.0" branch-rate="1.0">
							<lines>
								<line number="65" hits="3" branch="false"/>
								<line number="66" hits="3" branch="false"/>
							</lines>
						</method>
					</methods>
					<lines>
						<line number="33" hits="8" branch="false"/>
						<line number="40" hits="2" branch="false"/>
						<line number="41" hits="1" branch="false"/>
						<line number="55" hits="9" branch="false"/>
						<line number="65" hits="3" branch="false"/>
						<line number="66" hits="3" branch="false"/>
						<line number="73" hits="3" branch="false"/>
						<line number="75" hits="3" branch="true" condition-coverage="100% (2/2)">
							<conditions>
								<condition number="0" type="jump" coverage="100%"/>
							</conditions>
						</line>
						<line number="77" hits="2" branch="false"/>
						<line number="78" hits="1" branch="false"/>
						<line number="79" hits="1" branch="false"/>
						<line number="81" hits="2" branch="false"/>
						<line number="82" hits="2" branch="false"/>
						<line number="84" hits="3" branch="false"/>
					</lines>
				</class>
				<class name="net.krotscheck.dfr.text.ITextDecoder" filename="net/krotscheck/dfr/text/ITextDecoder.java" line-rate="1.0" branch-rate="1.0" complexity="1.0">
					<methods>
					</methods>
					<lines>
					</lines>
				</class>
				<class name="net.krotscheck.dfr.text.ITextEncoder" filename="net/krotscheck/dfr/text/ITextEncoder.java" line-rate="1.0" branch-rate="1.0" complexity="1.0">
					<methods>
					</methods>
					<lines>
					</lines>
				</class>
			</classes>
		</package>
	</packages>
</coverage>
