<?xml version="1.0"?>
<!DOCTYPE coverage SYSTEM "http://cobertura.sourceforge.net/xml/coverage-04.dtd">

<coverage line-rate="1.0" branch-rate="1.0" lines-covered="179" lines-valid="179" branches-covered="46" branches-valid="46" complexity="1.4857142857142858" version="2.0.3" timestamp="1417833412270">
	<sources>
		<source>/Users/krotscheck/Desktop/github/data-file-reader/target/checkout/data-file-reader-base/src/main/java</source>
		<source>--source</source>
	</sources>
	<packages>
		<package name="net.krotscheck.dfr" line-rate="1.0" branch-rate="1.0" complexity="1.4857142857142858">
			<classes>
				<class name="net.krotscheck.dfr.AbstractDataDecoder" filename="net/krotscheck/dfr/AbstractDataDecoder.java" line-rate="1.0" branch-rate="1.0" complexity="1.75">
					<methods>
						<method name="&lt;clinit&gt;" signature="()V" line-rate="1.0" branch-rate="1.0">
							<lines>
								<line number="42" hits="2" branch="false"/>
								<line number="43" hits="1" branch="false"/>
							</lines>
						</method>
						<method name="&lt;init&gt;" signature="()V" line-rate="1.0" branch-rate="1.0">
							<lines>
								<line number="35" hits="7" branch="false"/>
								<line number="137" hits="7" branch="false"/>
							</lines>
						</method>
						<method name="close" signature="()V" line-rate="1.0" branch-rate="1.0">
							<lines>
								<line number="96" hits="4" branch="true" condition-coverage="100% (2/2)">
									<conditions>
										<condition number="0" type="jump" coverage="100%"/>
									</conditions>
								</line>
								<line number="98" hits="3" branch="false"/>
								<line number="99" hits="1" branch="false"/>
								<line number="100" hits="1" branch="false"/>
								<line number="102" hits="3" branch="false"/>
								<line number="103" hits="3" branch="false"/>
								<line number="106" hits="4" branch="false"/>
								<line number="107" hits="4" branch="false"/>
							</lines>
						</method>
						<method name="getInputStream" signature="()Ljava/io/InputStream;" line-rate="1.0" branch-rate="1.0">
							<lines>
								<line number="78" hits="9" branch="false"/>
							</lines>
						</method>
						<method name="getMaxRows" signature="()Ljava/lang/Long;" line-rate="1.0" branch-rate="1.0">
							<lines>
								<line number="116" hits="6" branch="false"/>
							</lines>
						</method>
						<method name="iterator" signature="()Ljava/util/Iterator;" line-rate="1.0" branch-rate="1.0">
							<lines>
								<line number="61" hits="4" branch="false"/>
							</lines>
						</method>
						<method name="setInputStream" signature="(Ljava/io/InputStream;)V" line-rate="1.0" branch-rate="1.0">
							<lines>
								<line number="88" hits="7" branch="false"/>
								<line number="89" hits="7" branch="false"/>
							</lines>
						</method>
						<method name="setMaxRows" signature="(Ljava/lang/Long;)V" line-rate="1.0" branch-rate="1.0">
							<lines>
								<line number="126" hits="6" branch="false"/>
								<line number="127" hits="6" branch="false"/>
							</lines>
						</method>
					</methods>
					<lines>
						<line number="35" hits="7" branch="false"/>
						<line number="42" hits="2" branch="false"/>
						<line number="43" hits="1" branch="false"/>
						<line number="61" hits="4" branch="false"/>
						<line number="78" hits="9" branch="false"/>
						<line number="88" hits="7" branch="false"/>
						<line number="89" hits="7" branch="false"/>
						<line number="96" hits="4" branch="true" condition-coverage="100% (2/2)">
							<conditions>
								<condition number="0" type="jump" coverage="100%"/>
							</conditions>
						</line>
						<line number="98" hits="3" branch="false"/>
						<line number="99" hits="1" branch="false"/>
						<line number="100" hits="1" branch="false"/>
						<line number="102" hits="3" branch="false"/>
						<line number="103" hits="3" branch="false"/>
						<line number="106" hits="4" branch="false"/>
						<line number="107" hits="4" branch="false"/>
						<line number="116" hits="6" branch="false"/>
						<line number="126" hits="6" branch="false"/>
						<line number="127" hits="6" branch="false"/>
						<line number="137" hits="7" branch="false"/>
					</lines>
				</class>
				<class name="net.krotscheck.dfr.AbstractDataDecoder$FilteredIterator" filename="net/krotscheck/dfr/AbstractDataDecoder.java" line-rate="1.0" branch-rate="1.0" complexity="1.75">
					<methods>
						<method name="&lt;init&gt;" signature="(Ljava/util/Iterator;Ljava/util/List;Ljava/lang/Long;)V" line-rate="1.0" branch-rate="1.0">
							<lines>
								<line number="158" hits="4" branch="false"/>
								<line number="171" hits="4" branch="false"/>
								<line number="172" hits="4" branch="false"/>
								<line number="173" hits="4" branch="false"/>
								<line number="174" hits="4" branch="false"/>
								<line number="175" hits="4" branch="false"/>
							</lines>
						</method>
						<method name="hasNext" signature="()Z" line-rate="1.0" branch-rate="1.0">
							<lines>
								<line number="184" hits="113" branch="true" condition-coverage="100% (4/4)">
									<conditions>
										<condition number="0" type="jump" coverage="100%"/>
										<condition number="1" type="jump" coverage="100%"/>
									</conditions>
								</line>
								<line number="185" hits="112" branch="false"/>
								<line number="187" hits="1" branch="false"/>
							</lines>
						</method>
						<method name="next" signature="()Ljava/lang/Object;" line-rate="1.0" branch-rate="1.0">
							<lines>
								<line number="137" hits="112" branch="false"/>
							</lines>
						</method>
						<method name="next" signature="()Ljava/util/Map;" line-rate="1.0" branch-rate="1.0">
							<lines>
								<line number="198" hits="112" branch="true" condition-coverage="100% (4/4)">
									<conditions>
										<condition number="0" type="jump" coverage="100%"/>
										<condition number="1" type="jump" coverage="100%"/>
									</conditions>
								</line>
								<line number="199" hits="1" branch="false"/>
								<line number="202" hits="111" branch="false"/>
								<line number="203" hits="111" branch="true" condition-coverage="100% (2/2)">
									<conditions>
										<condition number="0" type="jump" coverage="100%"/>
									</conditions>
								</line>
								<line number="204" hits="1" branch="false"/>
								<line number="205" hits="1" branch="false"/>
								<line number="206" hits="111" branch="false"/>
								<line number="207" hits="111" branch="false"/>
							</lines>
						</method>
						<method name="remove" signature="()V" line-rate="1.0" branch-rate="1.0">
							<lines>
								<line number="215" hits="1" branch="false"/>
								<line number="216" hits="1" branch="false"/>
							</lines>
						</method>
					</methods>
					<lines>
						<line number="137" hits="112" branch="false"/>
						<line number="158" hits="4" branch="false"/>
						<line number="171" hits="4" branch="false"/>
						<line number="172" hits="4" branch="false"/>
						<line number="173" hits="4" branch="false"/>
						<line number="174" hits="4" branch="false"/>
						<line number="175" hits="4" branch="false"/>
						<line number="184" hits="113" branch="true" condition-coverage="100% (4/4)">
							<conditions>
								<condition number="0" type="jump" coverage="100%"/>
								<condition number="1" type="jump" coverage="100%"/>
							</conditions>
						</line>
						<line number="185" hits="112" branch="false"/>
						<line number="187" hits="1" branch="false"/>
						<line number="198" hits="112" branch="true" condition-coverage="100% (4/4)">
							<conditions>
								<condition number="0" type="jump" coverage="100%"/>
								<condition number="1" type="jump" coverage="100%"/>
							</conditions>
						</line>
						<line number="199" hits="1" branch="false"/>
						<line number="202" hits="111" branch="false"/>
						<line number="203" hits="111" branch="true" condition-coverage="100% (2/2)">
							<conditions>
								<condition number="0" type="jump" coverage="100%"/>
							</conditions>
						</line>
						<line number="204" hits="1" branch="false"/>
						<line number="205" hits="1" branch="false"/>
						<line number="206" hits="111" branch="false"/>
						<line number="207" hits="111" branch="false"/>
						<line number="215" hits="1" branch="false"/>
						<line number="216" hits="1" branch="false"/>
					</lines>
				</class>
				<class name="net.krotscheck.dfr.AbstractDataEncoder" filename="net/krotscheck/dfr/AbstractDataEncoder.java" line-rate="1.0" branch-rate="1.0" complexity="1.3333333333333333">
					<methods>
						<method name="&lt;clinit&gt;" signature="()V" line-rate="1.0" branch-rate="1.0">
							<lines>
								<line number="40" hits="2" branch="false"/>
								<line number="41" hits="1" branch="false"/>
							</lines>
						</method>
						<method name="&lt;init&gt;" signature="()V" line-rate="1.0" branch-rate="1.0">
							<lines>
								<line number="33" hits="5" branch="false"/>
							</lines>
						</method>
						<method name="close" signature="()V" line-rate="1.0" branch-rate="1.0">
							<lines>
								<line number="87" hits="4" branch="false"/>
								<line number="89" hits="4" branch="true" condition-coverage="100% (2/2)">
									<conditions>
										<condition number="0" type="jump" coverage="100%"/>
									</conditions>
								</line>
								<line number="91" hits="3" branch="false"/>
								<line number="92" hits="1" branch="false"/>
								<line number="93" hits="1" branch="false"/>
								<line number="95" hits="3" branch="false"/>
								<line number="96" hits="3" branch="false"/>
								<line number="98" hits="4" branch="false"/>
							</lines>
						</method>
						<method name="getOutputStream" signature="()Ljava/io/OutputStream;" line-rate="1.0" branch-rate="1.0">
							<lines>
								<line number="55" hits="9" branch="false"/>
							</lines>
						</method>
						<method name="setOutputStream" signature="(Ljava/io/OutputStream;)V" line-rate="1.0" branch-rate="1.0">
							<lines>
								<line number="65" hits="6" branch="false"/>
								<line number="66" hits="6" branch="false"/>
							</lines>
						</method>
						<method name="write" signature="(Ljava/util/Map;)V" line-rate="1.0" branch-rate="1.0">
							<lines>
								<line number="77" hits="1" branch="false"/>
								<line number="79" hits="1" branch="false"/>
								<line number="80" hits="1" branch="false"/>
							</lines>
						</method>
					</methods>
					<lines>
						<line number="33" hits="5" branch="false"/>
						<line number="40" hits="2" branch="false"/>
						<line number="41" hits="1" branch="false"/>
						<line number="55" hits="9" branch="false"/>
						<line number="65" hits="6" branch="false"/>
						<line number="66" hits="6" branch="false"/>
						<line number="77" hits="1" branch="false"/>
						<line number="79" hits="1" branch="false"/>
						<line number="80" hits="1" branch="false"/>
						<line number="87" hits="4" branch="false"/>
						<line number="89" hits="4" branch="true" condition-coverage="100% (2/2)">
							<conditions>
								<condition number="0" type="jump" coverage="100%"/>
							</conditions>
						</line>
						<line number="91" hits="3" branch="false"/>
						<line number="92" hits="1" branch="false"/>
						<line number="93" hits="1" branch="false"/>
						<line number="95" hits="3" branch="false"/>
						<line number="96" hits="3" branch="false"/>
						<line number="98" hits="4" branch="false"/>
					</lines>
				</class>
				<class name="net.krotscheck.dfr.AbstractFilteredDataStream" filename="net/krotscheck/dfr/AbstractFilteredDataStream.java" line-rate="1.0" branch-rate="1.0" complexity="1.625">
					<methods>
						<method name="&lt;init&gt;" signature="()V" line-rate="1.0" branch-rate="1.0">
							<lines>
								<line number="43" hits="20" branch="false"/>
								<line number="44" hits="20" branch="false"/>
								<line number="45" hits="20" branch="false"/>
							</lines>
						</method>
						<method name="addFilter" signature="(Lnet/krotscheck/dfr/IDataFilter;)V" line-rate="1.0" branch-rate="1.0">
							<lines>
								<line number="53" hits="30" branch="true" condition-coverage="100% (2/2)">
									<conditions>
										<condition number="0" type="jump" coverage="100%"/>
									</conditions>
								</line>
								<line number="54" hits="18" branch="false"/>
								<line number="56" hits="30" branch="false"/>
							</lines>
						</method>
						<method name="addFilters" signature="(Ljava/util/List;)V" line-rate="1.0" branch-rate="1.0">
							<lines>
								<line number="64" hits="7" branch="true" condition-coverage="100% (2/2)">
									<conditions>
										<condition number="0" type="jump" coverage="100%"/>
									</conditions>
								</line>
								<line number="65" hits="18" branch="false"/>
								<line number="66" hits="18" branch="false"/>
								<line number="67" hits="7" branch="false"/>
							</lines>
						</method>
						<method name="applyFilters" signature="(Ljava/util/Map;)Ljava/util/Map;" line-rate="1.0" branch-rate="1.0">
							<lines>
								<line number="118" hits="43" branch="false"/>
								<line number="120" hits="43" branch="true" condition-coverage="100% (2/2)">
									<conditions>
										<condition number="0" type="jump" coverage="100%"/>
									</conditions>
								</line>
								<line number="121" hits="14" branch="false"/>
								<line number="122" hits="14" branch="false"/>
								<line number="124" hits="43" branch="false"/>
							</lines>
						</method>
						<method name="clearFilters" signature="()V" line-rate="1.0" branch-rate="1.0">
							<lines>
								<line number="107" hits="3" branch="false"/>
								<line number="108" hits="3" branch="false"/>
							</lines>
						</method>
						<method name="containsFilter" signature="(Lnet/krotscheck/dfr/IDataFilter;)Ljava/lang/Boolean;" line-rate="1.0" branch-rate="1.0">
							<lines>
								<line number="85" hits="83" branch="true" condition-coverage="100% (2/2)">
									<conditions>
										<condition number="0" type="jump" coverage="100%"/>
									</conditions>
								</line>
								<line number="86" hits="1" branch="false"/>
								<line number="89" hits="83" branch="false"/>
							</lines>
						</method>
						<method name="getFilters" signature="()Ljava/util/List;" line-rate="1.0" branch-rate="1.0">
							<lines>
								<line number="75" hits="77" branch="false"/>
							</lines>
						</method>
						<method name="removeFilter" signature="(Lnet/krotscheck/dfr/IDataFilter;)V" line-rate="1.0" branch-rate="1.0">
							<lines>
								<line number="98" hits="4" branch="true" condition-coverage="100% (2/2)">
									<conditions>
										<condition number="0" type="jump" coverage="100%"/>
									</conditions>
								</line>
								<line number="99" hits="3" branch="false"/>
								<line number="101" hits="4" branch="false"/>
							</lines>
						</method>
					</methods>
					<lines>
						<line number="43" hits="20" branch="false"/>
						<line number="44" hits="20" branch="false"/>
						<line number="45" hits="20" branch="false"/>
						<line number="53" hits="30" branch="true" condition-coverage="100% (2/2)">
							<conditions>
								<condition number="0" type="jump" coverage="100%"/>
							</conditions>
						</line>
						<line number="54" hits="18" branch="false"/>
						<line number="56" hits="30" branch="false"/>
						<line number="64" hits="7" branch="true" condition-coverage="100% (2/2)">
							<conditions>
								<condition number="0" type="jump" coverage="100%"/>
							</conditions>
						</line>
						<line number="65" hits="18" branch="false"/>
						<line number="66" hits="18" branch="false"/>
						<line number="67" hits="7" branch="false"/>
						<line number="75" hits="77" branch="false"/>
						<line number="85" hits="83" branch="true" condition-coverage="100% (2/2)">
							<conditions>
								<condition number="0" type="jump" coverage="100%"/>
							</conditions>
						</line>
						<line number="86" hits="1" branch="false"/>
						<line number="89" hits="83" branch="false"/>
						<line number="98" hits="4" branch="true" condition-coverage="100% (2/2)">
							<conditions>
								<condition number="0" type="jump" coverage="100%"/>
							</conditions>
						</line>
						<line number="99" hits="3" branch="false"/>
						<line number="101" hits="4" branch="false"/>
						<line number="107" hits="3" branch="false"/>
						<line number="108" hits="3" branch="false"/>
						<line number="118" hits="43" branch="false"/>
						<line number="120" hits="43" branch="true" condition-coverage="100% (2/2)">
							<conditions>
								<condition number="0" type="jump" coverage="100%"/>
							</conditions>
						</line>
						<line number="121" hits="14" branch="false"/>
						<line number="122" hits="14" branch="false"/>
						<line number="124" hits="43" branch="false"/>
					</lines>
				</class>
				<class name="net.krotscheck.dfr.FileStreamConverter" filename="net/krotscheck/dfr/FileStreamConverter.java" line-rate="1.0" branch-rate="1.0" complexity="4.0">
					<methods>
						<method name="&lt;clinit&gt;" signature="()V" line-rate="1.0" branch-rate="1.0">
							<lines>
								<line number="40" hits="2" branch="false"/>
								<line number="41" hits="1" branch="false"/>
							</lines>
						</method>
						<method name="&lt;init&gt;" signature="(Lnet/krotscheck/dfr/IDataDecoder;Lnet/krotscheck/dfr/IDataEncoder;)V" line-rate="1.0" branch-rate="1.0">
							<lines>
								<line number="61" hits="6" branch="false"/>
								<line number="62" hits="6" branch="true" condition-coverage="100% (2/2)">
									<conditions>
										<condition number="0" type="jump" coverage="100%"/>
									</conditions>
								</line>
								<line number="63" hits="1" branch="false"/>
								<line number="65" hits="5" branch="true" condition-coverage="100% (2/2)">
									<conditions>
										<condition number="0" type="jump" coverage="100%"/>
									</conditions>
								</line>
								<line number="66" hits="1" branch="false"/>
								<line number="69" hits="4" branch="false"/>
								<line number="70" hits="4" branch="false"/>
								<line number="71" hits="4" branch="false"/>
							</lines>
						</method>
						<method name="run" signature="()V" line-rate="1.0" branch-rate="1.0">
							<lines>
								<line number="79" hits="4" branch="false"/>
								<line number="81" hits="4" branch="true" condition-coverage="100% (2/2)">
									<conditions>
										<condition number="0" type="jump" coverage="100%"/>
									</conditions>
								</line>
								<line number="82" hits="40" branch="false"/>
								<line number="83" hits="40" branch="false"/>
								<line number="85" hits="4" branch="false"/>
								<line number="86" hits="3" branch="false"/>
								<line number="87" hits="2" branch="false"/>
								<line number="88" hits="2" branch="false"/>
								<line number="89" hits="2" branch="false"/>
								<line number="91" hits="4" branch="false"/>
							</lines>
						</method>
					</methods>
					<lines>
						<line number="40" hits="2" branch="false"/>
						<line number="41" hits="1" branch="false"/>
						<line number="61" hits="6" branch="false"/>
						<line number="62" hits="6" branch="true" condition-coverage="100% (2/2)">
							<conditions>
								<condition number="0" type="jump" coverage="100%"/>
							</conditions>
						</line>
						<line number="63" hits="1" branch="false"/>
						<line number="65" hits="5" branch="true" condition-coverage="100% (2/2)">
							<conditions>
								<condition number="0" type="jump" coverage="100%"/>
							</conditions>
						</line>
						<line number="66" hits="1" branch="false"/>
						<line number="69" hits="4" branch="false"/>
						<line number="70" hits="4" branch="false"/>
						<line number="71" hits="4" branch="false"/>
						<line number="79" hits="4" branch="false"/>
						<line number="81" hits="4" branch="true" condition-coverage="100% (2/2)">
							<conditions>
								<condition number="0" type="jump" coverage="100%"/>
							</conditions>
						</line>
						<line number="82" hits="40" branch="false"/>
						<line number="83" hits="40" branch="false"/>
						<line number="85" hits="4" branch="false"/>
						<line number="86" hits="3" branch="false"/>
						<line number="87" hits="2" branch="false"/>
						<line number="88" hits="2" branch="false"/>
						<line number="89" hits="2" branch="false"/>
						<line number="91" hits="4" branch="false"/>
					</lines>
				</class>
				<class name="net.krotscheck.dfr.FileStreamDecoder" filename="net/krotscheck/dfr/FileStreamDecoder.java" line-rate="1.0" branch-rate="1.0" complexity="1.4285714285714286">
					<methods>
						<method name="&lt;clinit&gt;" signature="()V" line-rate="1.0" branch-rate="1.0">
							<lines>
								<line number="85" hits="2" branch="false"/>
								<line number="86" hits="1" branch="false"/>
							</lines>
						</method>
						<method name="&lt;init&gt;" signature="(Ljava/io/InputStream;Ljava/lang/String;)V" line-rate="1.0" branch-rate="1.0">
							<lines>
								<line number="101" hits="4" branch="false"/>
								<line number="102" hits="4" branch="false"/>
								<line number="103" hits="3" branch="false"/>
								<line number="104" hits="3" branch="false"/>
							</lines>
						</method>
						<method name="&lt;init&gt;" signature="(Ljava/io/InputStream;Ljava/lang/String;Ljava/lang/Long;)V" line-rate="1.0" branch-rate="1.0">
							<lines>
								<line number="91" hits="5" branch="false"/>
								<line number="116" hits="1" branch="false"/>
								<line number="117" hits="1" branch="false"/>
								<line number="118" hits="1" branch="false"/>
								<line number="119" hits="1" branch="false"/>
								<line number="120" hits="1" branch="false"/>
							</lines>
						</method>
						<method name="addFilter" signature="(Lnet/krotscheck/dfr/IDataFilter;)V" line-rate="1.0" branch-rate="1.0">
							<lines>
								<line number="149" hits="4" branch="false"/>
								<line number="150" hits="4" branch="false"/>
							</lines>
						</method>
						<method name="addFilters" signature="(Ljava/util/List;)V" line-rate="1.0" branch-rate="1.0">
							<lines>
								<line number="159" hits="2" branch="false"/>
								<line number="160" hits="2" branch="false"/>
							</lines>
						</method>
						<method name="applyFilters" signature="(Ljava/util/Map;)Ljava/util/Map;" line-rate="1.0" branch-rate="1.0">
							<lines>
								<line number="208" hits="1" branch="false"/>
							</lines>
						</method>
						<method name="clearFilters" signature="()V" line-rate="1.0" branch-rate="1.0">
							<lines>
								<line number="198" hits="1" branch="false"/>
								<line number="199" hits="1" branch="false"/>
							</lines>
						</method>
						<method name="close" signature="()V" line-rate="1.0" branch-rate="1.0">
							<lines>
								<line number="139" hits="1" branch="false"/>
								<line number="140" hits="1" branch="false"/>
							</lines>
						</method>
						<method name="containsFilter" signature="(Lnet/krotscheck/dfr/IDataFilter;)Ljava/lang/Boolean;" line-rate="1.0" branch-rate="1.0">
							<lines>
								<line number="170" hits="16" branch="false"/>
							</lines>
						</method>
						<method name="getDecoder" signature="(Ljava/lang/String;)Lnet/krotscheck/dfr/IDataDecoder;" line-rate="1.0" branch-rate="1.0">
							<lines>
								<line number="58" hits="5" branch="true" condition-coverage="100% (2/2)">
									<conditions>
										<condition number="0" type="jump" coverage="100%"/>
									</conditions>
								</line>
								<line number="59" hits="1" branch="false"/>
								<line number="60" hits="1" branch="false"/>
								<line number="63" hits="1" branch="true" condition-coverage="100% (2/2)">
									<conditions>
										<condition number="0" type="jump" coverage="100%"/>
									</conditions>
								</line>
								<line number="64" hits="1" branch="false"/>
								<line number="65" hits="1" branch="false"/>
								<line number="66" hits="1" branch="false"/>
								<line number="68" hits="1" branch="false"/>
								<line number="71" hits="5" branch="true" condition-coverage="100% (2/2)">
									<conditions>
										<condition number="0" type="jump" coverage="100%"/>
									</conditions>
								</line>
								<line number="72" hits="5" branch="true" condition-coverage="100% (2/2)">
									<conditions>
										<condition number="0" type="jump" coverage="100%"/>
									</conditions>
								</line>
								<line number="73" hits="4" branch="false"/>
								<line number="75" hits="1" branch="false"/>
								<line number="77" hits="1" branch="false"/>
								<line number="78" hits="1" branch="false"/>
							</lines>
						</method>
						<method name="getFilters" signature="()Ljava/util/List;" line-rate="1.0" branch-rate="1.0">
							<lines>
								<line number="180" hits="9" branch="false"/>
							</lines>
						</method>
						<method name="getMaxRows" signature="()Ljava/lang/Long;" line-rate="1.0" branch-rate="1.0">
							<lines>
								<line number="217" hits="2" branch="false"/>
							</lines>
						</method>
						<method name="iterator" signature="()Ljava/util/Iterator;" line-rate="1.0" branch-rate="1.0">
							<lines>
								<line number="129" hits="1" branch="false"/>
								<line number="130" hits="1" branch="false"/>
							</lines>
						</method>
						<method name="removeFilter" signature="(Lnet/krotscheck/dfr/IDataFilter;)V" line-rate="1.0" branch-rate="1.0">
							<lines>
								<line number="190" hits="1" branch="false"/>
								<line number="191" hits="1" branch="false"/>
							</lines>
						</method>
						<method name="setMaxRows" signature="(Ljava/lang/Long;)V" line-rate="1.0" branch-rate="1.0">
							<lines>
								<line number="226" hits="1" branch="false"/>
								<line number="227" hits="1" branch="false"/>
							</lines>
						</method>
					</methods>
					<lines>
						<line number="58" hits="5" branch="true" condition-coverage="100% (2/2)">
							<conditions>
								<condition number="0" type="jump" coverage="100%"/>
							</conditions>
						</line>
						<line number="59" hits="1" branch="false"/>
						<line number="60" hits="1" branch="false"/>
						<line number="63" hits="1" branch="true" condition-coverage="100% (2/2)">
							<conditions>
								<condition number="0" type="jump" coverage="100%"/>
							</conditions>
						</line>
						<line number="64" hits="1" branch="false"/>
						<line number="65" hits="1" branch="false"/>
						<line number="66" hits="1" branch="false"/>
						<line number="68" hits="1" branch="false"/>
						<line number="71" hits="5" branch="true" condition-coverage="100% (2/2)">
							<conditions>
								<condition number="0" type="jump" coverage="100%"/>
							</conditions>
						</line>
						<line number="72" hits="5" branch="true" condition-coverage="100% (2/2)">
							<conditions>
								<condition number="0" type="jump" coverage="100%"/>
							</conditions>
						</line>
						<line number="73" hits="4" branch="false"/>
						<line number="75" hits="1" branch="false"/>
						<line number="77" hits="1" branch="false"/>
						<line number="78" hits="1" branch="false"/>
						<line number="85" hits="2" branch="false"/>
						<line number="86" hits="1" branch="false"/>
						<line number="91" hits="5" branch="false"/>
						<line number="101" hits="4" branch="false"/>
						<line number="102" hits="4" branch="false"/>
						<line number="103" hits="3" branch="false"/>
						<line number="104" hits="3" branch="false"/>
						<line number="116" hits="1" branch="false"/>
						<line number="117" hits="1" branch="false"/>
						<line number="118" hits="1" branch="false"/>
						<line number="119" hits="1" branch="false"/>
						<line number="120" hits="1" branch="false"/>
						<line number="129" hits="1" branch="false"/>
						<line number="130" hits="1" branch="false"/>
						<line number="139" hits="1" branch="false"/>
						<line number="140" hits="1" branch="false"/>
						<line number="149" hits="4" branch="false"/>
						<line number="150" hits="4" branch="false"/>
						<line number="159" hits="2" branch="false"/>
						<line number="160" hits="2" branch="false"/>
						<line number="170" hits="16" branch="false"/>
						<line number="180" hits="9" branch="false"/>
						<line number="190" hits="1" branch="false"/>
						<line number="191" hits="1" branch="false"/>
						<line number="198" hits="1" branch="false"/>
						<line number="199" hits="1" branch="false"/>
						<line number="208" hits="1" branch="false"/>
						<line number="217" hits="2" branch="false"/>
						<line number="226" hits="1" branch="false"/>
						<line number="227" hits="1" branch="false"/>
					</lines>
				</class>
				<class name="net.krotscheck.dfr.FileStreamEncoder" filename="net/krotscheck/dfr/FileStreamEncoder.java" line-rate="1.0" branch-rate="1.0" complexity="1.5454545454545454">
					<methods>
						<method name="&lt;clinit&gt;" signature="()V" line-rate="1.0" branch-rate="1.0">
							<lines>
								<line number="42" hits="2" branch="false"/>
								<line number="43" hits="1" branch="false"/>
							</lines>
						</method>
						<method name="&lt;init&gt;" signature="(Ljava/io/OutputStream;Ljava/lang/String;)V" line-rate="1.0" branch-rate="1.0">
							<lines>
								<line number="65" hits="4" branch="false"/>
								<line number="66" hits="4" branch="false"/>
								<line number="67" hits="3" branch="false"/>
								<line number="68" hits="3" branch="false"/>
							</lines>
						</method>
						<method name="addFilter" signature="(Lnet/krotscheck/dfr/IDataFilter;)V" line-rate="1.0" branch-rate="1.0">
							<lines>
								<line number="131" hits="4" branch="false"/>
								<line number="132" hits="4" branch="false"/>
							</lines>
						</method>
						<method name="addFilters" signature="(Ljava/util/List;)V" line-rate="1.0" branch-rate="1.0">
							<lines>
								<line number="141" hits="2" branch="false"/>
								<line number="142" hits="2" branch="false"/>
							</lines>
						</method>
						<method name="applyFilters" signature="(Ljava/util/Map;)Ljava/util/Map;" line-rate="1.0" branch-rate="1.0">
							<lines>
								<line number="190" hits="1" branch="false"/>
							</lines>
						</method>
						<method name="clearFilters" signature="()V" line-rate="1.0" branch-rate="1.0">
							<lines>
								<line number="180" hits="1" branch="false"/>
								<line number="181" hits="1" branch="false"/>
							</lines>
						</method>
						<method name="close" signature="()V" line-rate="1.0" branch-rate="1.0">
							<lines>
								<line number="88" hits="1" branch="false"/>
								<line number="89" hits="1" branch="false"/>
							</lines>
						</method>
						<method name="containsFilter" signature="(Lnet/krotscheck/dfr/IDataFilter;)Ljava/lang/Boolean;" line-rate="1.0" branch-rate="1.0">
							<lines>
								<line number="152" hits="16" branch="false"/>
							</lines>
						</method>
						<method name="getEncoder" signature="(Ljava/lang/String;)Lnet/krotscheck/dfr/IDataEncoder;" line-rate="1.0" branch-rate="1.0">
							<lines>
								<line number="101" hits="4" branch="true" condition-coverage="100% (2/2)">
									<conditions>
										<condition number="0" type="jump" coverage="100%"/>
									</conditions>
								</line>
								<line number="102" hits="1" branch="false"/>
								<line number="103" hits="1" branch="false"/>
								<line number="105" hits="1" branch="true" condition-coverage="100% (2/2)">
									<conditions>
										<condition number="0" type="jump" coverage="100%"/>
									</conditions>
								</line>
								<line number="106" hits="1" branch="false"/>
								<line number="107" hits="1" branch="false"/>
								<line number="108" hits="1" branch="false"/>
								<line number="110" hits="1" branch="false"/>
								<line number="113" hits="4" branch="true" condition-coverage="100% (2/2)">
									<conditions>
										<condition number="0" type="jump" coverage="100%"/>
									</conditions>
								</line>
								<line number="114" hits="4" branch="true" condition-coverage="100% (2/2)">
									<conditions>
										<condition number="0" type="jump" coverage="100%"/>
									</conditions>
								</line>
								<line number="115" hits="3" branch="false"/>
								<line number="117" hits="1" branch="false"/>
								<line number="119" hits="1" branch="false"/>
								<line number="120" hits="1" branch="false"/>
							</lines>
						</method>
						<method name="getFilters" signature="()Ljava/util/List;" line-rate="1.0" branch-rate="1.0">
							<lines>
								<line number="162" hits="8" branch="false"/>
							</lines>
						</method>
						<method name="removeFilter" signature="(Lnet/krotscheck/dfr/IDataFilter;)V" line-rate="1.0" branch-rate="1.0">
							<lines>
								<line number="172" hits="1" branch="false"/>
								<line number="173" hits="1" branch="false"/>
							</lines>
						</method>
						<method name="write" signature="(Ljava/util/Map;)V" line-rate="1.0" branch-rate="1.0">
							<lines>
								<line number="78" hits="1" branch="false"/>
								<line number="79" hits="1" branch="false"/>
							</lines>
						</method>
					</methods>
					<lines>
						<line number="42" hits="2" branch="false"/>
						<line number="43" hits="1" branch="false"/>
						<line number="65" hits="4" branch="false"/>
						<line number="66" hits="4" branch="false"/>
						<line number="67" hits="3" branch="false"/>
						<line number="68" hits="3" branch="false"/>
						<line number="78" hits="1" branch="false"/>
						<line number="79" hits="1" branch="false"/>
						<line number="88" hits="1" branch="false"/>
						<line number="89" hits="1" branch="false"/>
						<line number="101" hits="4" branch="true" condition-coverage="100% (2/2)">
							<conditions>
								<condition number="0" type="jump" coverage="100%"/>
							</conditions>
						</line>
						<line number="102" hits="1" branch="false"/>
						<line number="103" hits="1" branch="false"/>
						<line number="105" hits="1" branch="true" condition-coverage="100% (2/2)">
							<conditions>
								<condition number="0" type="jump" coverage="100%"/>
							</conditions>
						</line>
						<line number="106" hits="1" branch="false"/>
						<line number="107" hits="1" branch="false"/>
						<line number="108" hits="1" branch="false"/>
						<line number="110" hits="1" branch="false"/>
						<line number="113" hits="4" branch="true" condition-coverage="100% (2/2)">
							<conditions>
								<condition number="0" type="jump" coverage="100%"/>
							</conditions>
						</line>
						<line number="114" hits="4" branch="true" condition-coverage="100% (2/2)">
							<conditions>
								<condition number="0" type="jump" coverage="100%"/>
							</conditions>
						</line>
						<line number="115" hits="3" branch="false"/>
						<line number="117" hits="1" branch="false"/>
						<line number="119" hits="1" branch="false"/>
						<line number="120" hits="1" branch="false"/>
						<line number="131" hits="4" branch="false"/>
						<line number="132" hits="4" branch="false"/>
						<line number="141" hits="2" branch="false"/>
						<line number="142" hits="2" branch="false"/>
						<line number="152" hits="16" branch="false"/>
						<line number="162" hits="8" branch="false"/>
						<line number="172" hits="1" branch="false"/>
						<line number="173" hits="1" branch="false"/>
						<line number="180" hits="1" branch="false"/>
						<line number="181" hits="1" branch="false"/>
						<line number="190" hits="1" branch="false"/>
					</lines>
				</class>
				<class name="net.krotscheck.dfr.IDataDecoder" filename="net/krotscheck/dfr/IDataDecoder.java" line-rate="1.0" branch-rate="1.0" complexity="1.0">
					<methods>
					</methods>
					<lines>
					</lines>
				</class>
				<class name="net.krotscheck.dfr.IDataEncoder" filename="net/krotscheck/dfr/IDataEncoder.java" line-rate="1.0" branch-rate="1.0" complexity="1.0">
					<methods>
					</methods>
					<lines>
					</lines>
				</class>
				<class name="net.krotscheck.dfr.IDataFilter" filename="net/krotscheck/dfr/IDataFilter.java" line-rate="1.0" branch-rate="1.0" complexity="1.0">
					<methods>
					</methods>
					<lines>
					</lines>
				</class>
				<class name="net.krotscheck.dfr.IFilteringDataStream" filename="net/krotscheck/dfr/IFilteringDataStream.java" line-rate="1.0" branch-rate="1.0" complexity="1.0">
					<methods>
					</methods>
					<lines>
					</lines>
				</class>
			</classes>
		</package>
	</packages>
</coverage>
