<?xml version="1.0"?>
<!DOCTYPE coverage SYSTEM "http://cobertura.sourceforge.net/xml/coverage-04.dtd">

<coverage line-rate="1.0" branch-rate="1.0" lines-covered="46" lines-valid="46" branches-covered="8" branches-valid="8" complexity="1.6363636363636365" version="2.0.3" timestamp="1413868692383">
	<sources>
		<source>/Users/krotscheck/Desktop/github/data-file-reader/target/checkout/data-file-reader-csv/src/main/java</source>
		<source>--source</source>
	</sources>
	<packages>
		<package name="net.krotscheck.dfr.csv" line-rate="1.0" branch-rate="1.0" complexity="1.6363636363636365">
			<classes>
				<class name="net.krotscheck.dfr.csv.CSVDataDecoder" filename="net/krotscheck/dfr/csv/CSVDataDecoder.java" line-rate="1.0" branch-rate="1.0" complexity="1.7142857142857142">
					<methods>
						<method name="&lt;clinit&gt;" signature="()V" line-rate="1.0" branch-rate="1.0">
							<lines>
								<line number="47" hits="2" branch="false"/>
								<line number="48" hits="1" branch="false"/>
							</lines>
						</method>
						<method name="&lt;init&gt;" signature="()V" line-rate="1.0" branch-rate="1.0">
							<lines>
								<line number="81" hits="13" branch="false"/>
							</lines>
						</method>
						<method name="access$000" signature="()Lorg/slf4j/Logger;" line-rate="1.0" branch-rate="1.0">
							<lines>
								<line number="42" hits="15" branch="false"/>
							</lines>
						</method>
						<method name="dispose" signature="()V" line-rate="1.0" branch-rate="1.0">
							<lines>
								<line number="76" hits="2" branch="false"/>
							</lines>
						</method>
						<method name="getMimeType" signature="()Ljava/lang/String;" line-rate="1.0" branch-rate="1.0">
							<lines>
								<line number="67" hits="1" branch="false"/>
							</lines>
						</method>
						<method name="iterator" signature="()Ljava/util/Iterator;" line-rate="1.0" branch-rate="1.0">
							<lines>
								<line number="57" hits="9" branch="false"/>
							</lines>
						</method>
					</methods>
					<lines>
						<line number="42" hits="15" branch="false"/>
						<line number="47" hits="2" branch="false"/>
						<line number="48" hits="1" branch="false"/>
						<line number="57" hits="9" branch="false"/>
						<line number="67" hits="1" branch="false"/>
						<line number="76" hits="2" branch="false"/>
						<line number="81" hits="13" branch="false"/>
					</lines>
				</class>
				<class name="net.krotscheck.dfr.csv.CSVDataDecoder$InnerRowIterator" filename="net/krotscheck/dfr/csv/CSVDataDecoder.java" line-rate="1.0" branch-rate="1.0" complexity="1.7142857142857142">
					<methods>
						<method name="&lt;init&gt;" signature="(Ljava/io/InputStream;)V" line-rate="1.0" branch-rate="1.0">
							<lines>
								<line number="94" hits="9" branch="false"/>
								<line number="96" hits="9" branch="false"/>
								<line number="97" hits="9" branch="false"/>
								<line number="98" hits="9" branch="false"/>
								<line number="103" hits="9" branch="false"/>
								<line number="104" hits="9" branch="false"/>
								<line number="105" hits="2" branch="false"/>
								<line number="106" hits="2" branch="false"/>
								<line number="107" hits="7" branch="false"/>
								<line number="108" hits="9" branch="false"/>
							</lines>
						</method>
						<method name="hasNext" signature="()Z" line-rate="1.0" branch-rate="1.0">
							<lines>
								<line number="117" hits="90" branch="true" condition-coverage="100% (2/2)">
									<conditions>
										<condition number="0" type="jump" coverage="100%"/>
									</conditions>
								</line>
								<line number="118" hits="88" branch="false"/>
								<line number="120" hits="2" branch="false"/>
							</lines>
						</method>
						<method name="next" signature="()Ljava/lang/Object;" line-rate="1.0" branch-rate="1.0">
							<lines>
								<line number="81" hits="44" branch="false"/>
							</lines>
						</method>
						<method name="next" signature="()Ljava/util/Map;" line-rate="1.0" branch-rate="1.0">
							<lines>
								<line number="131" hits="44" branch="true" condition-coverage="100% (2/2)">
									<conditions>
										<condition number="0" type="jump" coverage="100%"/>
									</conditions>
								</line>
								<line number="132" hits="40" branch="false"/>
								<line number="134" hits="4" branch="false"/>
							</lines>
						</method>
						<method name="remove" signature="()V" line-rate="1.0" branch-rate="1.0">
							<lines>
								<line number="143" hits="10" branch="false"/>
							</lines>
						</method>
					</methods>
					<lines>
						<line number="81" hits="44" branch="false"/>
						<line number="94" hits="9" branch="false"/>
						<line number="96" hits="9" branch="false"/>
						<line number="97" hits="9" branch="false"/>
						<line number="98" hits="9" branch="false"/>
						<line number="103" hits="9" branch="false"/>
						<line number="104" hits="9" branch="false"/>
						<line number="105" hits="2" branch="false"/>
						<line number="106" hits="2" branch="false"/>
						<line number="107" hits="7" branch="false"/>
						<line number="108" hits="9" branch="false"/>
						<line number="117" hits="90" branch="true" condition-coverage="100% (2/2)">
							<conditions>
								<condition number="0" type="jump" coverage="100%"/>
							</conditions>
						</line>
						<line number="118" hits="88" branch="false"/>
						<line number="120" hits="2" branch="false"/>
						<line number="131" hits="44" branch="true" condition-coverage="100% (2/2)">
							<conditions>
								<condition number="0" type="jump" coverage="100%"/>
							</conditions>
						</line>
						<line number="132" hits="40" branch="false"/>
						<line number="134" hits="4" branch="false"/>
						<line number="143" hits="10" branch="false"/>
					</lines>
				</class>
				<class name="net.krotscheck.dfr.csv.CSVDataDecoder$InnerRowIterator$1" filename="net/krotscheck/dfr/csv/CSVDataDecoder.java" line-rate="1.0" branch-rate="1.0" complexity="1.7142857142857142">
					<methods>
						<method name="&lt;init&gt;" signature="(Lnet/krotscheck/dfr/csv/CSVDataDecoder$InnerRowIterator;)V" line-rate="1.0" branch-rate="1.0">
							<lines>
								<line number="99" hits="9" branch="false"/>
							</lines>
						</method>
					</methods>
					<lines>
						<line number="99" hits="9" branch="false"/>
					</lines>
				</class>
				<class name="net.krotscheck.dfr.csv.CSVDataEncoder" filename="net/krotscheck/dfr/csv/CSVDataEncoder.java" line-rate="1.0" branch-rate="1.0" complexity="1.5">
					<methods>
						<method name="&lt;init&gt;" signature="()V" line-rate="1.0" branch-rate="1.0">
							<lines>
								<line number="23" hits="18" branch="false"/>
							</lines>
						</method>
						<method name="buildCsvSchema" signature="(Ljava/util/Map;)Lcom/fasterxml/jackson/dataformat/csv/CsvSchema;" line-rate="1.0" branch-rate="1.0">
							<lines>
								<line number="77" hits="15" branch="false"/>
								<line number="78" hits="15" branch="false"/>
								<line number="80" hits="15" branch="true" condition-coverage="100% (2/2)">
									<conditions>
										<condition number="0" type="jump" coverage="100%"/>
									</conditions>
								</line>
								<line number="81" hits="45" branch="false"/>
								<line number="82" hits="45" branch="false"/>
								<line number="84" hits="15" branch="false"/>
							</lines>
						</method>
						<method name="dispose" signature="()V" line-rate="1.0" branch-rate="1.0">
							<lines>
								<line number="67" hits="16" branch="false"/>
								<line number="68" hits="16" branch="false"/>
							</lines>
						</method>
						<method name="getMimeType" signature="()Ljava/lang/String;" line-rate="1.0" branch-rate="1.0">
							<lines>
								<line number="37" hits="1" branch="false"/>
							</lines>
						</method>
						<method name="write" signature="(Ljava/util/Map;)V" line-rate="1.0" branch-rate="1.0">
							<lines>
								<line number="49" hits="132" branch="true" condition-coverage="100% (2/2)">
									<conditions>
										<condition number="0" type="jump" coverage="100%"/>
									</conditions>
								</line>
								<line number="50" hits="15" branch="false"/>
								<line number="51" hits="15" branch="false"/>
								<line number="52" hits="15" branch="false"/>
								<line number="53" hits="15" branch="false"/>
								<line number="55" hits="15" branch="false"/>
								<line number="56" hits="15" branch="false"/>
								<line number="57" hits="15" branch="false"/>
								<line number="59" hits="132" branch="false"/>
								<line number="60" hits="132" branch="false"/>
							</lines>
						</method>
					</methods>
					<lines>
						<line number="23" hits="18" branch="false"/>
						<line number="37" hits="1" branch="false"/>
						<line number="49" hits="132" branch="true" condition-coverage="100% (2/2)">
							<conditions>
								<condition number="0" type="jump" coverage="100%"/>
							</conditions>
						</line>
						<line number="50" hits="15" branch="false"/>
						<line number="51" hits="15" branch="false"/>
						<line number="52" hits="15" branch="false"/>
						<line number="53" hits="15" branch="false"/>
						<line number="55" hits="15" branch="false"/>
						<line number="56" hits="15" branch="false"/>
						<line number="57" hits="15" branch="false"/>
						<line number="59" hits="132" branch="false"/>
						<line number="60" hits="132" branch="false"/>
						<line number="67" hits="16" branch="false"/>
						<line number="68" hits="16" branch="false"/>
						<line number="77" hits="15" branch="false"/>
						<line number="78" hits="15" branch="false"/>
						<line number="80" hits="15" branch="true" condition-coverage="100% (2/2)">
							<conditions>
								<condition number="0" type="jump" coverage="100%"/>
							</conditions>
						</line>
						<line number="81" hits="45" branch="false"/>
						<line number="82" hits="45" branch="false"/>
						<line number="84" hits="15" branch="false"/>
					</lines>
				</class>
			</classes>
		</package>
	</packages>
</coverage>
