<?xml version="1.0"?>
<!DOCTYPE coverage SYSTEM "http://cobertura.sourceforge.net/xml/coverage-04.dtd">

<coverage line-rate="1.0" branch-rate="1.0" lines-covered="55" lines-valid="55" branches-covered="12" branches-valid="12" complexity="2.0" version="2.0.3" timestamp="1417840090538">
	<sources>
		<source>/Users/krotscheck/Desktop/github/data-file-reader/target/checkout/data-file-reader-bson/src/main/java</source>
		<source>--source</source>
	</sources>
	<packages>
		<package name="net.krotscheck.dfr.bson" line-rate="1.0" branch-rate="1.0" complexity="2.0">
			<classes>
				<class name="net.krotscheck.dfr.bson.BSONDataDecoder" filename="net/krotscheck/dfr/bson/BSONDataDecoder.java" line-rate="1.0" branch-rate="1.0" complexity="2.0">
					<methods>
						<method name="&lt;clinit&gt;" signature="()V" line-rate="1.0" branch-rate="1.0">
							<lines>
								<line number="33" hits="2" branch="false"/>
								<line number="34" hits="1" branch="false"/>
							</lines>
						</method>
						<method name="&lt;init&gt;" signature="()V" line-rate="1.0" branch-rate="1.0">
							<lines>
								<line number="67" hits="11" branch="false"/>
							</lines>
						</method>
						<method name="access$100" signature="()Lorg/slf4j/Logger;" line-rate="1.0" branch-rate="1.0">
							<lines>
								<line number="28" hits="14" branch="false"/>
							</lines>
						</method>
						<method name="buildIterator" signature="()Ljava/util/Iterator;" line-rate="1.0" branch-rate="1.0">
							<lines>
								<line number="43" hits="7" branch="false"/>
							</lines>
						</method>
						<method name="dispose" signature="()V" line-rate="1.0" branch-rate="1.0">
							<lines>
								<line number="62" hits="2" branch="false"/>
							</lines>
						</method>
						<method name="getMimeType" signature="()Ljava/lang/String;" line-rate="1.0" branch-rate="1.0">
							<lines>
								<line number="53" hits="1" branch="false"/>
							</lines>
						</method>
					</methods>
					<lines>
						<line number="28" hits="14" branch="false"/>
						<line number="33" hits="2" branch="false"/>
						<line number="34" hits="1" branch="false"/>
						<line number="43" hits="7" branch="false"/>
						<line number="53" hits="1" branch="false"/>
						<line number="62" hits="2" branch="false"/>
						<line number="67" hits="11" branch="false"/>
					</lines>
				</class>
				<class name="net.krotscheck.dfr.bson.BSONDataDecoder$1" filename="net/krotscheck/dfr/bson/BSONDataDecoder.java" line-rate="1.0" branch-rate="1.0" complexity="2.0">
					<methods>
					</methods>
					<lines>
					</lines>
				</class>
				<class name="net.krotscheck.dfr.bson.BSONDataDecoder$InnerRowIterator" filename="net/krotscheck/dfr/bson/BSONDataDecoder.java" line-rate="1.0" branch-rate="1.0" complexity="2.0">
					<methods>
						<method name="&lt;init&gt;" signature="(Ljava/io/InputStream;)V" line-rate="1.0" branch-rate="1.0">
							<lines>
								<line number="78" hits="7" branch="false"/>
								<line number="88" hits="7" branch="false"/>
								<line number="92" hits="7" branch="false"/>
								<line number="93" hits="7" branch="false"/>
								<line number="94" hits="7" branch="false"/>
								<line number="97" hits="7" branch="true" condition-coverage="100% (2/2)">
									<conditions>
										<condition number="0" type="jump" coverage="100%"/>
									</conditions>
								</line>
								<line number="98" hits="2" branch="false"/>
								<line number="102" hits="5" branch="false"/>
								<line number="103" hits="2" branch="false"/>
								<line number="104" hits="2" branch="false"/>
								<line number="105" hits="5" branch="false"/>
								<line number="106" hits="7" branch="false"/>
							</lines>
						</method>
						<method name="&lt;init&gt;" signature="(Ljava/io/InputStream;Lnet/krotscheck/dfr/bson/BSONDataDecoder$1;)V" line-rate="1.0" branch-rate="1.0">
							<lines>
								<line number="67" hits="49" branch="false"/>
							</lines>
						</method>
						<method name="hasNext" signature="()Z" line-rate="1.0" branch-rate="1.0">
							<lines>
								<line number="115" hits="86" branch="false"/>
								<line number="116" hits="86" branch="true" condition-coverage="100% (4/4)">
									<conditions>
										<condition number="0" type="jump" coverage="100%"/>
										<condition number="1" type="jump" coverage="100%"/>
									</conditions>
								</line>
							</lines>
						</method>
						<method name="next" signature="()Ljava/lang/Object;" line-rate="1.0" branch-rate="1.0">
							<lines>
							</lines>
						</method>
						<method name="next" signature="()Ljava/util/Map;" line-rate="1.0" branch-rate="1.0">
							<lines>
								<line number="126" hits="42" branch="true" condition-coverage="100% (2/2)">
									<conditions>
										<condition number="0" type="jump" coverage="100%"/>
									</conditions>
								</line>
								<line number="128" hits="41" branch="false"/>
								<line number="129" hits="41" branch="false"/>
								<line number="130" hits="40" branch="false"/>
								<line number="131" hits="40" branch="false"/>
								<line number="132" hits="1" branch="false"/>
								<line number="133" hits="1" branch="false"/>
								<line number="137" hits="2" branch="false"/>
							</lines>
						</method>
						<method name="remove" signature="()V" line-rate="1.0" branch-rate="1.0">
							<lines>
								<line number="146" hits="10" branch="false"/>
							</lines>
						</method>
					</methods>
					<lines>
						<line number="67" hits="49" branch="false"/>
						<line number="78" hits="7" branch="false"/>
						<line number="88" hits="7" branch="false"/>
						<line number="92" hits="7" branch="false"/>
						<line number="93" hits="7" branch="false"/>
						<line number="94" hits="7" branch="false"/>
						<line number="97" hits="7" branch="true" condition-coverage="100% (2/2)">
							<conditions>
								<condition number="0" type="jump" coverage="100%"/>
							</conditions>
						</line>
						<line number="98" hits="2" branch="false"/>
						<line number="102" hits="5" branch="false"/>
						<line number="103" hits="2" branch="false"/>
						<line number="104" hits="2" branch="false"/>
						<line number="105" hits="5" branch="false"/>
						<line number="106" hits="7" branch="false"/>
						<line number="115" hits="86" branch="false"/>
						<line number="116" hits="86" branch="true" condition-coverage="100% (4/4)">
							<conditions>
								<condition number="0" type="jump" coverage="100%"/>
								<condition number="1" type="jump" coverage="100%"/>
							</conditions>
						</line>
						<line number="126" hits="42" branch="true" condition-coverage="100% (2/2)">
							<conditions>
								<condition number="0" type="jump" coverage="100%"/>
							</conditions>
						</line>
						<line number="128" hits="41" branch="false"/>
						<line number="129" hits="41" branch="false"/>
						<line number="130" hits="40" branch="false"/>
						<line number="131" hits="40" branch="false"/>
						<line number="132" hits="1" branch="false"/>
						<line number="133" hits="1" branch="false"/>
						<line number="137" hits="2" branch="false"/>
						<line number="146" hits="10" branch="false"/>
					</lines>
				</class>
				<class name="net.krotscheck.dfr.bson.BSONDataDecoder$InnerRowIterator$1" filename="net/krotscheck/dfr/bson/BSONDataDecoder.java" line-rate="1.0" branch-rate="1.0" complexity="2.0">
					<methods>
						<method name="&lt;init&gt;" signature="(Lnet/krotscheck/dfr/bson/BSONDataDecoder$InnerRowIterator;)V" line-rate="1.0" branch-rate="1.0">
							<lines>
								<line number="79" hits="7" branch="false"/>
							</lines>
						</method>
					</methods>
					<lines>
						<line number="79" hits="7" branch="false"/>
					</lines>
				</class>
				<class name="net.krotscheck.dfr.bson.BSONDataEncoder" filename="net/krotscheck/dfr/bson/BSONDataEncoder.java" line-rate="1.0" branch-rate="1.0" complexity="2.0">
					<methods>
						<method name="&lt;clinit&gt;" signature="()V" line-rate="1.0" branch-rate="1.0">
							<lines>
								<line number="29" hits="2" branch="false"/>
								<line number="30" hits="1" branch="false"/>
							</lines>
						</method>
						<method name="&lt;init&gt;" signature="()V" line-rate="1.0" branch-rate="1.0">
							<lines>
								<line number="24" hits="16" branch="false"/>
							</lines>
						</method>
						<method name="dispose" signature="()V" line-rate="1.0" branch-rate="1.0">
							<lines>
								<line number="75" hits="14" branch="true" condition-coverage="100% (2/2)">
									<conditions>
										<condition number="0" type="jump" coverage="100%"/>
									</conditions>
								</line>
								<line number="76" hits="13" branch="false"/>
								<line number="77" hits="13" branch="false"/>
								<line number="79" hits="13" branch="false"/>
								<line number="80" hits="1" branch="false"/>
								<line number="81" hits="1" branch="false"/>
								<line number="82" hits="1" branch="false"/>
								<line number="84" hits="14" branch="false"/>
								<line number="85" hits="14" branch="false"/>
								<line number="86" hits="14" branch="false"/>
								<line number="87" hits="14" branch="false"/>
							</lines>
						</method>
						<method name="getMimeType" signature="()Ljava/lang/String;" line-rate="1.0" branch-rate="1.0">
							<lines>
								<line number="44" hits="1" branch="false"/>
							</lines>
						</method>
						<method name="writeToStream" signature="(Ljava/util/Map;)V" line-rate="1.0" branch-rate="1.0">
							<lines>
								<line number="57" hits="112" branch="true" condition-coverage="100% (2/2)">
									<conditions>
										<condition number="0" type="jump" coverage="100%"/>
									</conditions>
								</line>
								<line number="58" hits="13" branch="false"/>
								<line number="59" hits="13" branch="false"/>
								<line number="60" hits="13" branch="false"/>
								<line number="61" hits="13" branch="false"/>
								<line number="62" hits="13" branch="false"/>
								<line number="66" hits="112" branch="false"/>
								<line number="67" hits="112" branch="false"/>
							</lines>
						</method>
					</methods>
					<lines>
						<line number="24" hits="16" branch="false"/>
						<line number="29" hits="2" branch="false"/>
						<line number="30" hits="1" branch="false"/>
						<line number="44" hits="1" branch="false"/>
						<line number="57" hits="112" branch="true" condition-coverage="100% (2/2)">
							<conditions>
								<condition number="0" type="jump" coverage="100%"/>
							</conditions>
						</line>
						<line number="58" hits="13" branch="false"/>
						<line number="59" hits="13" branch="false"/>
						<line number="60" hits="13" branch="false"/>
						<line number="61" hits="13" branch="false"/>
						<line number="62" hits="13" branch="false"/>
						<line number="66" hits="112" branch="false"/>
						<line number="67" hits="112" branch="false"/>
						<line number="75" hits="14" branch="true" condition-coverage="100% (2/2)">
							<conditions>
								<condition number="0" type="jump" coverage="100%"/>
							</conditions>
						</line>
						<line number="76" hits="13" branch="false"/>
						<line number="77" hits="13" branch="false"/>
						<line number="79" hits="13" branch="false"/>
						<line number="80" hits="1" branch="false"/>
						<line number="81" hits="1" branch="false"/>
						<line number="82" hits="1" branch="false"/>
						<line number="84" hits="14" branch="false"/>
						<line number="85" hits="14" branch="false"/>
						<line number="86" hits="14" branch="false"/>
						<line number="87" hits="14" branch="false"/>
					</lines>
				</class>
			</classes>
		</package>
	</packages>
</coverage>
